"../../../Engine/Content/EditorResources/S_Actor.ubulk" 0
"../../../Engine/Content/EditorResources/S_Actor.uasset" 1
"../../../Engine/Content/EditorResources/S_Actor.uexp" 2
"../../../Engine/Content/EditorResources/S_BoxReflectionCapture.uasset" 3
"../../../Engine/Content/EditorResources/S_BoxReflectionCapture.uexp" 4
"../../../Engine/Content/EngineResources/DefaultTexture.ubulk" 5
"../../../Engine/Content/EngineResources/DefaultTexture.uasset" 6
"../../../Engine/Content/EngineResources/DefaultTexture.uexp" 7
"../../../Engine/Content/EngineResources/DefaultTextureCube.uasset" 8
"../../../Engine/Content/EngineResources/DefaultTextureCube.uexp" 9
"../../../Engine/Content/EngineResources/DefaultVolumeTexture2D.uasset" 10
"../../../Engine/Content/EngineResources/DefaultVolumeTexture2D.uexp" 11
"../../../Engine/Content/EngineResources/DefaultVolumeTexture.uasset" 12
"../../../Engine/Content/EngineResources/DefaultVolumeTexture.uexp" 13
"../../../Engine/Content/EditorResources/S_Trigger.ubulk" 14
"../../../Engine/Content/EditorResources/S_Trigger.uasset" 15
"../../../Engine/Content/EditorResources/S_Trigger.uexp" 16
"../../../Engine/Content/EditorResources/S_TriggerBox.uasset" 17
"../../../Engine/Content/EditorResources/S_TriggerBox.uexp" 18
"../../../Engine/Content/EditorResources/S_TriggerCapsule.uasset" 19
"../../../Engine/Content/EditorResources/S_TriggerCapsule.uexp" 20
"../../../Engine/Content/EditorResources/S_TriggerSphere.uasset" 21
"../../../Engine/Content/EditorResources/S_TriggerSphere.uexp" 22
"../../../Engine/Content/EngineMeshes/Sphere.ubulk" 23
"../../../Engine/Content/EngineMeshes/Sphere.uasset" 24
"../../../Engine/Content/EngineMeshes/Sphere.uexp" 25
"../../../Engine/Content/EngineResources/GradientTexture0.uasset" 26
"../../../Engine/Content/EngineResources/GradientTexture0.uexp" 27
"../../../Engine/Content/EngineResources/Black.uasset" 28
"../../../Engine/Content/EngineResources/Black.uexp" 29
"../../../Engine/Content/VREditor/LaserPointer/VR_LaserPower_01.ubulk" 30
"../../../Engine/Content/VREditor/LaserPointer/VR_LaserPower_01.uasset" 31
"../../../Engine/Content/VREditor/LaserPointer/VR_LaserPower_01.uexp" 32
"../../../Engine/Content/VREditor/TransformGizmo/TransformGizmoMaterial.uasset" 33
"../../../Engine/Content/VREditor/TransformGizmo/TransformGizmoMaterial.uexp" 34
"../../../Engine/Content/VREditor/TransformGizmo/TranslucentTransformGizmoMaterial.uasset" 35
"../../../Engine/Content/VREditor/TransformGizmo/TranslucentTransformGizmoMaterial.uexp" 36
"../../../Engine/Content/VREditor/TransformGizmo/PlaneTranslationHandle.ubulk" 37
"../../../Engine/Content/VREditor/TransformGizmo/PlaneTranslationHandle.uasset" 38
"../../../Engine/Content/VREditor/TransformGizmo/PlaneTranslationHandle.uexp" 39
"../../../Engine/Content/VREditor/TransformGizmo/BoundingBoxCorner.ubulk" 40
"../../../Engine/Content/VREditor/TransformGizmo/BoundingBoxCorner.uasset" 41
"../../../Engine/Content/VREditor/TransformGizmo/BoundingBoxCorner.uexp" 42
"../../../Engine/Content/VREditor/TransformGizmo/BoundingBoxEdge.ubulk" 43
"../../../Engine/Content/VREditor/TransformGizmo/BoundingBoxEdge.uasset" 44
"../../../Engine/Content/VREditor/TransformGizmo/BoundingBoxEdge.uexp" 45
"../../../Engine/Content/VREditor/TransformGizmo/Main.uasset" 46
"../../../Engine/Content/VREditor/TransformGizmo/Main.uexp" 47
"../../../Engine/Content/VREditor/TransformGizmo/Xray.uasset" 48
"../../../Engine/Content/VREditor/TransformGizmo/Xray.uexp" 49
"../../../Engine/Content/VREditor/TransformGizmo/SM_Sequencer_Node.ubulk" 50
"../../../Engine/Content/VREditor/TransformGizmo/SM_Sequencer_Node.uasset" 51
"../../../Engine/Content/VREditor/TransformGizmo/SM_Sequencer_Node.uexp" 52
"../../../Engine/Content/EditorMaterials/Camera/CineMat.uasset" 53
"../../../Engine/Content/EditorMaterials/Camera/CineMat.uexp" 54
"../../../Engine/Content/EditorMaterials/Camera/MI_CineMat_Rig.uasset" 55
"../../../Engine/Content/EditorMaterials/Camera/MI_CineMat_Rig.uexp" 56
"../../../Engine/Content/EditorMeshes/Camera/SM_CraneRig_Base.ubulk" 57
"../../../Engine/Content/EditorMeshes/Camera/SM_CraneRig_Base.uasset" 58
"../../../Engine/Content/EditorMeshes/Camera/SM_CraneRig_Base.uexp" 59
"../../../Engine/Content/EditorMeshes/Camera/SM_CraneRig_Arm.ubulk" 60
"../../../Engine/Content/EditorMeshes/Camera/SM_CraneRig_Arm.uasset" 61
"../../../Engine/Content/EditorMeshes/Camera/SM_CraneRig_Arm.uexp" 62
"../../../Engine/Content/EditorMeshes/Camera/SM_CraneRig_Mount.ubulk" 63
"../../../Engine/Content/EditorMeshes/Camera/SM_CraneRig_Mount.uasset" 64
"../../../Engine/Content/EditorMeshes/Camera/SM_CraneRig_Mount.uexp" 65
"../../../Engine/Content/EditorMeshes/Camera/SM_CraneRig_Body.ubulk" 66
"../../../Engine/Content/EditorMeshes/Camera/SM_CraneRig_Body.uasset" 67
"../../../Engine/Content/EditorMeshes/Camera/SM_CraneRig_Body.uexp" 68
"../../../Engine/Content/EditorMeshes/Camera/SM_RailRig_Track.ubulk" 69
"../../../Engine/Content/EditorMeshes/Camera/SM_RailRig_Track.uasset" 70
"../../../Engine/Content/EditorMeshes/Camera/SM_RailRig_Track.uexp" 71
"../../../Engine/Content/EditorMeshes/Camera/SM_RailRig_Mount.ubulk" 72
"../../../Engine/Content/EditorMeshes/Camera/SM_RailRig_Mount.uasset" 73
"../../../Engine/Content/EditorMeshes/Camera/SM_RailRig_Mount.uexp" 74
"../../../Engine/Content/EngineMaterials/T_Default_Material_Grid_M.ubulk" 75
"../../../Engine/Content/EngineMaterials/T_Default_Material_Grid_M.uasset" 76
"../../../Engine/Content/EngineMaterials/T_Default_Material_Grid_M.uexp" 77
"../../../Engine/Content/EngineMaterials/T_Default_Material_Grid_N.ubulk" 78
"../../../Engine/Content/EngineMaterials/T_Default_Material_Grid_N.uasset" 79
"../../../Engine/Content/EngineMaterials/T_Default_Material_Grid_N.uexp" 80
"../../../Engine/Content/Functions/Engine_MaterialFunctions01/Opacity/CameraDepthFade.uasset" 81
"../../../Engine/Content/Functions/Engine_MaterialFunctions01/Opacity/CameraDepthFade.uexp" 82
"../../../Engine/Content/EngineMaterials/WorldGridMaterial.uasset" 83
"../../../Engine/Content/EngineMaterials/WorldGridMaterial.uexp" 84
"../../../Engine/Content/ArtTools/RenderToTexture/Meshes/S_1_Unit_Plane.ubulk" 85
"../../../Engine/Content/ArtTools/RenderToTexture/Meshes/S_1_Unit_Plane.uasset" 86
"../../../Engine/Content/ArtTools/RenderToTexture/Meshes/S_1_Unit_Plane.uexp" 87
"../../../Engine/Content/EditorMaterials/ParticleSystems/PSysThumbnail_NoImage.ubulk" 88
"../../../Engine/Content/EditorMaterials/ParticleSystems/PSysThumbnail_NoImage.uasset" 89
"../../../Engine/Content/EditorMaterials/ParticleSystems/PSysThumbnail_NoImage.uexp" 90
"../../../Engine/Content/EditorMaterials/ParticleSystems/PSysThumbnail_OOD.ubulk" 91
"../../../Engine/Content/EditorMaterials/ParticleSystems/PSysThumbnail_OOD.uasset" 92
"../../../Engine/Content/EditorMaterials/ParticleSystems/PSysThumbnail_OOD.uexp" 93
"../../../Engine/Content/EditorLandscapeResources/SplineEditorMeshMat.uasset" 94
"../../../Engine/Content/EditorLandscapeResources/SplineEditorMeshMat.uexp" 95
"../../../Engine/Content/EditorLandscapeResources/SplineEditorMesh.ubulk" 96
"../../../Engine/Content/EditorLandscapeResources/SplineEditorMesh.uasset" 97
"../../../Engine/Content/EditorLandscapeResources/SplineEditorMesh.uexp" 98
"../../../Engine/Content/EditorResources/S_Solver.ubulk" 99
"../../../Engine/Content/EditorResources/S_Solver.uasset" 100
"../../../Engine/Content/EditorResources/S_Solver.uexp" 101
"../../../Engine/Content/EditorMeshes/EditorSphere.ubulk" 102
"../../../Engine/Content/EditorMeshes/EditorSphere.uasset" 103
"../../../Engine/Content/EditorMeshes/EditorSphere.uexp" 104
"../../../Engine/Plugins/Media/MediaPlate/Content/SM_MediaPlateScreen.ubulk" 105
"../../../Engine/Plugins/Media/MediaPlate/Content/SM_MediaPlateScreen.uasset" 106
"../../../Engine/Plugins/Media/MediaPlate/Content/SM_MediaPlateScreen.uexp" 107
"../../../Engine/Content/EngineMaterials/Good64x64TilingNoiseHighFreq.uasset" 108
"../../../Engine/Content/EngineMaterials/Good64x64TilingNoiseHighFreq.uexp" 109
"../../../Engine/Content/EngineMaterials/DefaultBokeh.uasset" 110
"../../../Engine/Content/EngineMaterials/DefaultBokeh.uexp" 111
"../../../Engine/Content/EngineMaterials/PreintegratedSkinBRDF.uasset" 112
"../../../Engine/Content/EngineMaterials/PreintegratedSkinBRDF.uexp" 113
"../../../Engine/Content/EngineMaterials/MiniFont.uasset" 114
"../../../Engine/Content/EngineMaterials/MiniFont.uexp" 115
"../../../Engine/Content/EngineMaterials/WeightMapPlaceholderTexture.uasset" 116
"../../../Engine/Content/EngineMaterials/WeightMapPlaceholderTexture.uexp" 117
"../../../Engine/Content/EngineMaterials/DefaultWhiteGrid.ubulk" 118
"../../../Engine/Content/EngineMaterials/DefaultWhiteGrid.uasset" 119
"../../../Engine/Content/EngineMaterials/DefaultWhiteGrid.uexp" 120
"D:/DiplomenProekt/Content/BluePrints/Player_Start.uasset" 121
"D:/DiplomenProekt/Content/BluePrints/Player_Start.uexp" 122
"../../../Engine/Plugins/Interchange/Runtime/Content/Pipelines/DefaultSceneAssetsPipeline.uasset" 123
"../../../Engine/Plugins/Interchange/Runtime/Content/Pipelines/DefaultSceneAssetsPipeline.uexp" 124
"../../../Engine/Plugins/Interchange/Runtime/Content/Pipelines/DefaultMaterialPipeline.uasset" 125
"../../../Engine/Plugins/Interchange/Runtime/Content/Pipelines/DefaultMaterialPipeline.uexp" 126
"../../../Engine/Plugins/Interchange/Runtime/Content/Materials/MapOrLinearColorFunction.uasset" 127
"../../../Engine/Plugins/Interchange/Runtime/Content/Materials/MapOrLinearColorFunction.uexp" 128
"../../../Engine/Content/EngineMaterials/DefaultNormal.ubulk" 129
"../../../Engine/Content/EngineMaterials/DefaultNormal.uasset" 130
"../../../Engine/Content/EngineMaterials/DefaultNormal.uexp" 131
"../../../Engine/Plugins/Interchange/Runtime/Content/Materials/MapOrScalarFunction.uasset" 132
"../../../Engine/Plugins/Interchange/Runtime/Content/Materials/MapOrScalarFunction.uexp" 133
"../../../Engine/Plugins/Interchange/Runtime/Content/Materials/MapOrColorFunction.uasset" 134
"../../../Engine/Plugins/Interchange/Runtime/Content/Materials/MapOrColorFunction.uexp" 135
"../../../Engine/Content/EngineMaterials/BaseFlattenLinearColor.uasset" 136
"../../../Engine/Content/EngineMaterials/BaseFlattenLinearColor.uexp" 137
"../../../Engine/Plugins/Interchange/Runtime/Content/Materials/CommonMaterial.uasset" 138
"../../../Engine/Plugins/Interchange/Runtime/Content/Materials/CommonMaterial.uexp" 139
"../../../Engine/Plugins/Interchange/Runtime/Content/Materials/PBRSurfaceFunction.uasset" 140
"../../../Engine/Plugins/Interchange/Runtime/Content/Materials/PBRSurfaceFunction.uexp" 141
"../../../Engine/Plugins/Interchange/Runtime/Content/Materials/ClearCoatMaterial.uasset" 142
"../../../Engine/Plugins/Interchange/Runtime/Content/Materials/ClearCoatMaterial.uexp" 143
"../../../Engine/Plugins/Interchange/Runtime/Content/Pipelines/DefaultTexturePipeline.uasset" 144
"../../../Engine/Plugins/Interchange/Runtime/Content/Pipelines/DefaultTexturePipeline.uexp" 145
"../../../Engine/Plugins/Interchange/Runtime/Content/Materials/LambertSurfaceMaterial.uasset" 146
"../../../Engine/Plugins/Interchange/Runtime/Content/Materials/LambertSurfaceMaterial.uexp" 147
"../../../Engine/Plugins/Interchange/Runtime/Content/Pipelines/DefaultSceneLevelPipeline.uasset" 148
"../../../Engine/Plugins/Interchange/Runtime/Content/Pipelines/DefaultSceneLevelPipeline.uexp" 149
"D:/DiplomenProekt/Content/LevelPrototyping/Textures/T_GridChecker_A.ubulk" 150
"D:/DiplomenProekt/Content/LevelPrototyping/Textures/T_GridChecker_A.uasset" 151
"D:/DiplomenProekt/Content/LevelPrototyping/Textures/T_GridChecker_A.uexp" 152
"../../../Engine/Content/Functions/Engine_MaterialFunctions02/Utility/MakeFloat3.uasset" 153
"../../../Engine/Content/Functions/Engine_MaterialFunctions02/Utility/MakeFloat3.uexp" 154
"../../../Engine/Content/Functions/Engine_MaterialFunctions01/Gradient/LinearGradient.uasset" 155
"../../../Engine/Content/Functions/Engine_MaterialFunctions01/Gradient/LinearGradient.uexp" 156
"../../../Engine/Content/Functions/Engine_MaterialFunctions01/ImageAdjustment/CheapContrast.uasset" 157
"../../../Engine/Content/Functions/Engine_MaterialFunctions01/ImageAdjustment/CheapContrast.uexp" 158
"../../../Engine/Content/Functions/Engine_MaterialFunctions02/Utility/BreakOutFloat3Components.uasset" 159
"../../../Engine/Content/Functions/Engine_MaterialFunctions02/Utility/BreakOutFloat3Components.uexp" 160
"D:/DiplomenProekt/Content/LevelPrototyping/Materials/MF_ProcGrid.uasset" 161
"D:/DiplomenProekt/Content/LevelPrototyping/Materials/MF_ProcGrid.uexp" 162
"D:/DiplomenProekt/Content/LevelPrototyping/Materials/M_PrototypeGrid.uasset" 163
"D:/DiplomenProekt/Content/LevelPrototyping/Materials/M_PrototypeGrid.uexp" 164
"D:/DiplomenProekt/Content/LevelPrototyping/Materials/MI_PrototypeGrid_TopDark.uasset" 165
"D:/DiplomenProekt/Content/LevelPrototyping/Materials/MI_PrototypeGrid_TopDark.uexp" 166
"D:/DiplomenProekt/Content/LevelPrototyping/Materials/MI_PrototypeGrid_Gray.uasset" 167
"D:/DiplomenProekt/Content/LevelPrototyping/Materials/MI_PrototypeGrid_Gray.uexp" 168
"D:/DiplomenProekt/Content/LevelPrototyping/Meshes/SM_Ramp.ubulk" 169
"D:/DiplomenProekt/Content/LevelPrototyping/Meshes/SM_Ramp.uasset" 170
"D:/DiplomenProekt/Content/LevelPrototyping/Meshes/SM_Ramp.uexp" 171
"D:/DiplomenProekt/Content/LevelPrototyping/Meshes/SM_QuarterCylinder.ubulk" 172
"D:/DiplomenProekt/Content/LevelPrototyping/Meshes/SM_QuarterCylinder.uasset" 173
"D:/DiplomenProekt/Content/LevelPrototyping/Meshes/SM_QuarterCylinder.uexp" 174
"D:/DiplomenProekt/Content/LevelPrototyping/Meshes/SM_Cube.ubulk" 175
"D:/DiplomenProekt/Content/LevelPrototyping/Meshes/SM_Cube.uasset" 176
"D:/DiplomenProekt/Content/LevelPrototyping/Meshes/SM_Cube.uexp" 177
"D:/DiplomenProekt/Content/LevelPrototyping/Materials/M_Solid.uasset" 178
"D:/DiplomenProekt/Content/LevelPrototyping/Materials/M_Solid.uexp" 179
"D:/DiplomenProekt/Content/LevelPrototyping/Materials/MI_Solid_Blue.uasset" 180
"D:/DiplomenProekt/Content/LevelPrototyping/Materials/MI_Solid_Blue.uexp" 181
"D:/DiplomenProekt/Content/LevelPrototyping/Meshes/SM_ChamferCube.ubulk" 182
"D:/DiplomenProekt/Content/LevelPrototyping/Meshes/SM_ChamferCube.uasset" 183
"D:/DiplomenProekt/Content/LevelPrototyping/Meshes/SM_ChamferCube.uexp" 184
"../../../Engine/Content/EngineMaterials/DefaultMaterial.uasset" 185
"../../../Engine/Content/EngineMaterials/DefaultMaterial.uexp" 186
"../../../Engine/Content/BasicShapes/Sphere.ubulk" 187
"../../../Engine/Content/BasicShapes/Sphere.uasset" 188
"../../../Engine/Content/BasicShapes/Sphere.uexp" 189
"../../../Engine/Content/BasicShapes/Plane.ubulk" 190
"../../../Engine/Content/BasicShapes/Plane.uasset" 191
"../../../Engine/Content/BasicShapes/Plane.uexp" 192
"../../../Engine/Content/BasicShapes/Cylinder.ubulk" 193
"../../../Engine/Content/BasicShapes/Cylinder.uasset" 194
"../../../Engine/Content/BasicShapes/Cylinder.uexp" 195
"../../../Engine/Content/BasicShapes/Cube.ubulk" 196
"../../../Engine/Content/BasicShapes/Cube.uasset" 197
"../../../Engine/Content/BasicShapes/Cube.uexp" 198
"../../../Engine/Content/BasicShapes/Cone.ubulk" 199
"../../../Engine/Content/BasicShapes/Cone.uasset" 200
"../../../Engine/Content/BasicShapes/Cone.uexp" 201
"../../../Engine/Content/BasicShapes/BasicShapeMaterial.uasset" 202
"../../../Engine/Content/BasicShapes/BasicShapeMaterial.uexp" 203
"../../../Engine/Content/EditorResources/S_Terrain.ubulk" 204
"../../../Engine/Content/EditorResources/S_Terrain.uasset" 205
"../../../Engine/Content/EditorResources/S_Terrain.uexp" 206
"../../../Engine/Content/EditorResources/EmptyActor.uasset" 207
"../../../Engine/Content/EditorResources/EmptyActor.uexp" 208
"../../../Engine/Content/EditorResources/BSPVertex.uasset" 209
"../../../Engine/Content/EditorResources/BSPVertex.uexp" 210
"../../../Engine/Content/EditorResources/SequenceRecorder/RecordingIndicator.uasset" 211
"../../../Engine/Content/EditorResources/SequenceRecorder/RecordingIndicator.uexp" 212
"../../../Engine/Content/EditorResources/SequenceRecorder/Countdown.uasset" 213
"../../../Engine/Content/EditorResources/SequenceRecorder/Countdown.uexp" 214
"../../../Engine/Plugins/Interchange/Runtime/Content/Pipelines/DefaultAssetsPipeline.uasset" 215
"../../../Engine/Plugins/Interchange/Runtime/Content/Pipelines/DefaultAssetsPipeline.uexp" 216
"../../../Engine/Content/EngineDamageTypes/DmgTypeBP_Environmental.uasset" 217
"../../../Engine/Content/EngineDamageTypes/DmgTypeBP_Environmental.uexp" 218
"../../../Engine/Content/EditorMaterials/PreviewShadowIndicator.ubulk" 219
"../../../Engine/Content/EditorMaterials/PreviewShadowIndicator.uasset" 220
"../../../Engine/Content/EditorMaterials/PreviewShadowIndicator.uexp" 221
"../../../Engine/Content/EditorMaterials/PreviewShadowIndicatorMaterial.uasset" 222
"../../../Engine/Content/EditorMaterials/PreviewShadowIndicatorMaterial.uexp" 223
"../../../Engine/Content/EditorMaterials/PhAT_UnselectedMaterial.uasset" 224
"../../../Engine/Content/EditorMaterials/PhAT_UnselectedMaterial.uexp" 225
"../../../Engine/Content/EditorMaterials/PhAT_NoCollisionMaterial.uasset" 226
"../../../Engine/Content/EditorMaterials/PhAT_NoCollisionMaterial.uexp" 227
"../../../Engine/Content/Functions/Engine_MaterialFunctions02/Utility/CameraDirectionVector.uasset" 228
"../../../Engine/Content/Functions/Engine_MaterialFunctions02/Utility/CameraDirectionVector.uexp" 229
"../../../Engine/Content/EngineDebugMaterials/VolumeToRender.uasset" 230
"../../../Engine/Content/EngineDebugMaterials/VolumeToRender.uexp" 231
"../../../Engine/Content/EngineDebugMaterials/M_VolumeRenderSphereTracePP.uasset" 232
"../../../Engine/Content/EngineDebugMaterials/M_VolumeRenderSphereTracePP.uexp" 233
"../../../Engine/Content/EngineDebugMaterials/M_SimpleUnlitTranslucent.uasset" 234
"../../../Engine/Content/EngineDebugMaterials/M_SimpleUnlitTranslucent.uexp" 235
"../../../Engine/Content/EngineDebugMaterials/DebugMeshMaterial.uasset" 236
"../../../Engine/Content/EngineDebugMaterials/DebugMeshMaterial.uexp" 237
"../../../Engine/Content/EngineDebugMaterials/DebugEditorMaterial.uasset" 238
"../../../Engine/Content/EngineDebugMaterials/DebugEditorMaterial.uexp" 239
"../../../Engine/Content/Functions/Engine_MaterialFunctions02/Utility/MakeFloat4.uasset" 240
"../../../Engine/Content/Functions/Engine_MaterialFunctions02/Utility/MakeFloat4.uexp" 241
"../../../Engine/Content/EditorMaterials/WorldPartition/WorldPartitionSpatialHashGridPreviewMaterial.uasset" 242
"../../../Engine/Content/EditorMaterials/WorldPartition/WorldPartitionSpatialHashGridPreviewMaterial.uexp" 243
"../../../Engine/Content/EngineFonts/Faces/RobotoLight.uexp" 244
"../../../Engine/Content/EngineFonts/Faces/RobotoLight.uasset" 245
"../../../Engine/Content/EngineFonts/Faces/RobotoLight.ufont" 246
"../../../Engine/Content/EngineFonts/Faces/RobotoBold.uexp" 247
"../../../Engine/Content/EngineFonts/Faces/RobotoBold.uasset" 248
"../../../Engine/Content/EngineFonts/Faces/RobotoBold.ufont" 249
"../../../Engine/Content/EngineFonts/Faces/RobotoRegular.uexp" 250
"../../../Engine/Content/EngineFonts/Faces/RobotoRegular.uasset" 251
"../../../Engine/Content/EngineFonts/Faces/RobotoRegular.ufont" 252
"../../../Engine/Content/EngineFonts/Faces/DroidSansFallback.uexp" 253
"../../../Engine/Content/EngineFonts/Faces/DroidSansFallback.uasset" 254
"../../../Engine/Content/EngineFonts/Faces/DroidSansFallback.ufont" 255
"../../../Engine/Content/EngineFonts/Faces/RobotoItalic.uexp" 256
"../../../Engine/Content/EngineFonts/Faces/RobotoItalic.uasset" 257
"../../../Engine/Content/EngineFonts/Faces/RobotoItalic.ufont" 258
"../../../Engine/Content/EngineFonts/Faces/RobotoBoldItalic.uexp" 259
"../../../Engine/Content/EngineFonts/Faces/RobotoBoldItalic.uasset" 260
"../../../Engine/Content/EngineFonts/Faces/RobotoBoldItalic.ufont" 261
"../../../Engine/Content/EngineFonts/Roboto.uasset" 262
"../../../Engine/Content/EngineFonts/Roboto.uexp" 263
"../../../Engine/Content/EditorLandscapeResources/DefaultAlphaTexture.uasset" 264
"../../../Engine/Content/EditorLandscapeResources/DefaultAlphaTexture.uexp" 265
"../../../Engine/Content/EditorLandscapeResources/DataLayer.uasset" 266
"../../../Engine/Content/EditorLandscapeResources/DataLayer.uexp" 267
"../../../Engine/Plugins/Interchange/Runtime/Content/gltf/Textures/T_Black_srgb.uasset" 268
"../../../Engine/Plugins/Interchange/Runtime/Content/gltf/Textures/T_Black_srgb.uexp" 269
"../../../Engine/Content/Functions/Engine_MaterialFunctions01/Shading/PowerToRoughness.uasset" 270
"../../../Engine/Content/Functions/Engine_MaterialFunctions01/Shading/PowerToRoughness.uexp" 271
"../../../Engine/Content/EngineSounds/Master.uasset" 272
"../../../Engine/Content/EngineSounds/Master.uexp" 273
"../../../Engine/Content/EngineSky/T_Sky_Stars.ubulk" 274
"../../../Engine/Content/EngineSky/T_Sky_Stars.uasset" 275
"../../../Engine/Content/EngineSky/T_Sky_Stars.uexp" 276
"../../../Engine/Content/EngineSky/T_Sky_Clouds_M.ubulk" 277
"../../../Engine/Content/EngineSky/T_Sky_Clouds_M.uasset" 278
"../../../Engine/Content/EngineSky/T_Sky_Clouds_M.uexp" 279
"../../../Engine/Content/EngineSky/T_Sky_Blue.ubulk" 280
"../../../Engine/Content/EngineSky/T_Sky_Blue.uasset" 281
"../../../Engine/Content/EngineSky/T_Sky_Blue.uexp" 282
"../../../Engine/Content/EngineSky/M_Sky_Panning_Clouds2.uasset" 283
"../../../Engine/Content/EngineSky/M_Sky_Panning_Clouds2.uexp" 284
"../../../Engine/Content/EngineSky/SM_SkySphere.ubulk" 285
"../../../Engine/Content/EngineSky/SM_SkySphere.uasset" 286
"../../../Engine/Content/EngineSky/SM_SkySphere.uexp" 287
"../../../Engine/Content/EngineSky/M_SimpleSkyDome.uasset" 288
"../../../Engine/Content/EngineSky/M_SimpleSkyDome.uexp" 289
"../../../Engine/Content/EngineSky/VolumetricClouds/CloudWeatherTexture.uasset" 290
"../../../Engine/Content/EngineSky/VolumetricClouds/CloudWeatherTexture.uexp" 291
"../../../Engine/Content/Functions/Engine_MaterialFunctions02/Utility/MakeFloat2.uasset" 292
"../../../Engine/Content/Functions/Engine_MaterialFunctions02/Utility/MakeFloat2.uexp" 293
"../../../Engine/Content/EngineSky/VolumetricClouds/CloudGradientTexture.uasset" 294
"../../../Engine/Content/EngineSky/VolumetricClouds/CloudGradientTexture.uexp" 295
"../../../Engine/Content/EngineSky/VolumetricClouds/T_NoiseShape64.ubulk" 296
"../../../Engine/Content/EngineSky/VolumetricClouds/T_NoiseShape64.uasset" 297
"../../../Engine/Content/EngineSky/VolumetricClouds/T_NoiseShape64.uexp" 298
"../../../Engine/Content/EngineSky/VolumetricClouds/T_VolumeNoiseShape64.uasset" 299
"../../../Engine/Content/EngineSky/VolumetricClouds/T_VolumeNoiseShape64.uexp" 300
"../../../Engine/Content/EngineSky/VolumetricClouds/T_NoiseErosion.ubulk" 301
"../../../Engine/Content/EngineSky/VolumetricClouds/T_NoiseErosion.uasset" 302
"../../../Engine/Content/EngineSky/VolumetricClouds/T_NoiseErosion.uexp" 303
"../../../Engine/Content/EngineSky/VolumetricClouds/T_VolumeNoiseErosion32.uasset" 304
"../../../Engine/Content/EngineSky/VolumetricClouds/T_VolumeNoiseErosion32.uexp" 305
"../../../Engine/Content/EngineSky/VolumetricClouds/m_SimpleVolumetricCloud.uasset" 306
"../../../Engine/Content/EngineSky/VolumetricClouds/m_SimpleVolumetricCloud.uexp" 307
"../../../Engine/Content/EngineSky/VolumetricClouds/m_SimpleVolumetricCloud_Inst.uasset" 308
"../../../Engine/Content/EngineSky/VolumetricClouds/m_SimpleVolumetricCloud_Inst.uexp" 309
"../../../Engine/Content/EngineResources/FilmGrains/Marcie_Grain_v3_128_M2_000.uasset" 310
"../../../Engine/Content/EngineResources/FilmGrains/Marcie_Grain_v3_128_M2_000.uexp" 311
"../../../Engine/Content/EngineResources/WhiteSquareTexture.uasset" 312
"../../../Engine/Content/EngineResources/WhiteSquareTexture.uexp" 313
"../../../Engine/Content/EngineMaterials/Widget3DPassThrough.uasset" 314
"../../../Engine/Content/EngineMaterials/Widget3DPassThrough.uexp" 315
"../../../Engine/Content/EngineMaterials/Widget3DPassThrough_Translucent.uasset" 316
"../../../Engine/Content/EngineMaterials/Widget3DPassThrough_Translucent.uexp" 317
"../../../Engine/Content/EngineMaterials/Widget3DPassThrough_Translucent_OneSided.uasset" 318
"../../../Engine/Content/EngineMaterials/Widget3DPassThrough_Translucent_OneSided.uexp" 319
"../../../Engine/Content/EngineMaterials/Widget3DPassThrough_Opaque.uasset" 320
"../../../Engine/Content/EngineMaterials/Widget3DPassThrough_Opaque.uexp" 321
"../../../Engine/Content/EngineMaterials/Widget3DPassThrough_Opaque_OneSided.uasset" 322
"../../../Engine/Content/EngineMaterials/Widget3DPassThrough_Opaque_OneSided.uexp" 323
"../../../Engine/Content/EngineMaterials/Widget3DPassThrough_Masked_OneSided.uasset" 324
"../../../Engine/Content/EngineMaterials/Widget3DPassThrough_Masked_OneSided.uexp" 325
"../../../Engine/Content/EngineMaterials/Widget3DPassThrough_Masked.uasset" 326
"../../../Engine/Content/EngineMaterials/Widget3DPassThrough_Masked.uexp" 327
"../../../Engine/Plugins/Interchange/Runtime/Content/gltf/MaterialFunctions/MF_RotateV2.uasset" 328
"../../../Engine/Plugins/Interchange/Runtime/Content/gltf/MaterialFunctions/MF_RotateV2.uexp" 329
"../../../Engine/Plugins/Interchange/Runtime/Content/gltf/MaterialFunctions/MF_TransformUVs.uasset" 330
"../../../Engine/Plugins/Interchange/Runtime/Content/gltf/MaterialFunctions/MF_TransformUVs.uexp" 331
"../../../Engine/Plugins/Interchange/Runtime/Content/gltf/Textures/T_White_srgb.uasset" 332
"../../../Engine/Plugins/Interchange/Runtime/Content/gltf/Textures/T_White_srgb.uexp" 333
"../../../Engine/Plugins/Interchange/Runtime/Content/gltf/MaterialFunctions/MF_BaseColor.uasset" 334
"../../../Engine/Plugins/Interchange/Runtime/Content/gltf/MaterialFunctions/MF_BaseColor.uexp" 335
"../../../Engine/Plugins/Interchange/Runtime/Content/gltf/MaterialFunctions/MF_DiffuseSpecGloss.uasset" 336
"../../../Engine/Plugins/Interchange/Runtime/Content/gltf/MaterialFunctions/MF_DiffuseSpecGloss.uexp" 337
"../../../Engine/Plugins/Interchange/Runtime/Content/gltf/Textures/T_White_Linear.uasset" 338
"../../../Engine/Plugins/Interchange/Runtime/Content/gltf/Textures/T_White_Linear.uexp" 339
"../../../Engine/Plugins/Interchange/Runtime/Content/gltf/MaterialFunctions/MF_MetallicRoughness.uasset" 340
"../../../Engine/Plugins/Interchange/Runtime/Content/gltf/MaterialFunctions/MF_MetallicRoughness.uexp" 341
"../../../Engine/Content/Functions/Engine_MaterialFunctions02/Math/Transform3x3Matrix.uasset" 342
"../../../Engine/Content/Functions/Engine_MaterialFunctions02/Math/Transform3x3Matrix.uexp" 343
"../../../Engine/Plugins/Interchange/Runtime/Content/gltf/MaterialFunctions/MF_RotateNormals_TS.uasset" 344
"../../../Engine/Plugins/Interchange/Runtime/Content/gltf/MaterialFunctions/MF_RotateNormals_TS.uexp" 345
"../../../Engine/Plugins/Interchange/Runtime/Content/gltf/Textures/T_Generic_N.uasset" 346
"../../../Engine/Plugins/Interchange/Runtime/Content/gltf/Textures/T_Generic_N.uexp" 347
"../../../Engine/Plugins/Interchange/Runtime/Content/gltf/MaterialFunctions/MF_Clearcoat.uasset" 348
"../../../Engine/Plugins/Interchange/Runtime/Content/gltf/MaterialFunctions/MF_Clearcoat.uexp" 349
"../../../Engine/Plugins/Interchange/Runtime/Content/gltf/MaterialFunctions/MF_Occlusion.uasset" 350
"../../../Engine/Plugins/Interchange/Runtime/Content/gltf/MaterialFunctions/MF_Occlusion.uexp" 351
"../../../Engine/Plugins/Interchange/Runtime/Content/gltf/MaterialFunctions/MF_Emissive.uasset" 352
"../../../Engine/Plugins/Interchange/Runtime/Content/gltf/MaterialFunctions/MF_Emissive.uexp" 353
"../../../Engine/Plugins/Interchange/Runtime/Content/gltf/MaterialFunctions/MF_Specular.uasset" 354
"../../../Engine/Plugins/Interchange/Runtime/Content/gltf/MaterialFunctions/MF_Specular.uexp" 355
"../../../Engine/Plugins/Interchange/Runtime/Content/gltf/MaterialFunctions/MF_IOR.uasset" 356
"../../../Engine/Plugins/Interchange/Runtime/Content/gltf/MaterialFunctions/MF_IOR.uexp" 357
"../../../Engine/Content/Functions/Engine_MaterialFunctions01/Texturing/FlattenNormal.uasset" 358
"../../../Engine/Content/Functions/Engine_MaterialFunctions01/Texturing/FlattenNormal.uexp" 359
"../../../Engine/Plugins/Interchange/Runtime/Content/gltf/MaterialFunctions/MF_Normals.uasset" 360
"../../../Engine/Plugins/Interchange/Runtime/Content/gltf/MaterialFunctions/MF_Normals.uexp" 361
"../../../Engine/Content/Functions/Engine_MaterialFunctions02/Math/AddComponents.uasset" 362
"../../../Engine/Content/Functions/Engine_MaterialFunctions02/Math/AddComponents.uexp" 363
"../../../Engine/Plugins/Interchange/Runtime/Content/gltf/MaterialFunctions/MF_PerceivedBrightness.uasset" 364
"../../../Engine/Plugins/Interchange/Runtime/Content/gltf/MaterialFunctions/MF_PerceivedBrightness.uexp" 365
"../../../Engine/Plugins/Interchange/Runtime/Content/gltf/MaterialFunctions/MF_SpecGlossToMetalRoughness.uasset" 366
"../../../Engine/Plugins/Interchange/Runtime/Content/gltf/MaterialFunctions/MF_SpecGlossToMetalRoughness.uexp" 367
"../../../Engine/Plugins/Interchange/Runtime/Content/gltf/M_Translucent.uasset" 368
"../../../Engine/Plugins/Interchange/Runtime/Content/gltf/M_Translucent.uexp" 369
"../../../Engine/Plugins/Interchange/Runtime/Content/gltf/MaterialInstances_SG/MI_Translucent.uasset" 370
"../../../Engine/Plugins/Interchange/Runtime/Content/gltf/MaterialInstances_SG/MI_Translucent.uexp" 371
"../../../Engine/Plugins/Runtime/MeshModelingToolset/Content/Materials/M_DynamicMeshComponentVtxColor.uasset" 372
"../../../Engine/Plugins/Runtime/MeshModelingToolset/Content/Materials/M_DynamicMeshComponentVtxColor.uexp" 373
"../../../Engine/Content/EngineMaterials/STBlueNoise_vec2_128x128x64.uasset" 374
"../../../Engine/Content/EngineMaterials/STBlueNoise_vec2_128x128x64.uexp" 375
"../../../Engine/Content/EngineMaterials/STBlueNoise_scalar_128x128x64.uasset" 376
"../../../Engine/Content/EngineMaterials/STBlueNoise_scalar_128x128x64.uexp" 377
"../../../Engine/Content/EngineMaterials/RemoveSurfaceMaterial.uasset" 378
"../../../Engine/Content/EngineMaterials/RemoveSurfaceMaterial.uexp" 379
"../../../Engine/Plugins/Interchange/Runtime/Content/gltf/MaterialFunctions/MF_Sheen.uasset" 380
"../../../Engine/Plugins/Interchange/Runtime/Content/gltf/MaterialFunctions/MF_Sheen.uexp" 381
"../../../Engine/Content/Functions/Engine_MaterialFunctions01/Shading/FuzzyShading.uasset" 382
"../../../Engine/Content/Functions/Engine_MaterialFunctions01/Shading/FuzzyShading.uexp" 383
"../../../Engine/Plugins/Interchange/Runtime/Content/gltf/M_Sheen.uasset" 384
"../../../Engine/Plugins/Interchange/Runtime/Content/gltf/M_Sheen.uexp" 385
"../../../Engine/Plugins/Interchange/Runtime/Content/gltf/MaterialInstances_SG/MI_Opaque_Sheen_TS.uasset" 386
"../../../Engine/Plugins/Interchange/Runtime/Content/gltf/MaterialInstances_SG/MI_Opaque_Sheen_TS.uexp" 387
"../../../Engine/Content/EngineMaterials/DefaultCalibrationGrayscale.uasset" 388
"../../../Engine/Content/EngineMaterials/DefaultCalibrationGrayscale.uexp" 389
"../../../Engine/Content/EngineMaterials/PPM_DefaultCalibrationGrayscale.uasset" 390
"../../../Engine/Content/EngineMaterials/PPM_DefaultCalibrationGrayscale.uexp" 391
"../../../Engine/Content/EngineMaterials/DefaultCalibrationColor.uasset" 392
"../../../Engine/Content/EngineMaterials/DefaultCalibrationColor.uexp" 393
"../../../Engine/Content/EngineMaterials/PPM_DefaultCalibrationColor.uasset" 394
"../../../Engine/Content/EngineMaterials/PPM_DefaultCalibrationColor.uexp" 395
"../../../Engine/Content/Functions/Engine_MaterialFunctions02/WorldPositionOffset/CameraOffset.uasset" 396
"../../../Engine/Content/Functions/Engine_MaterialFunctions02/WorldPositionOffset/CameraOffset.uexp" 397
"../../../Engine/Content/EngineMaterials/PhAT_JointLimitMaterial.uasset" 398
"../../../Engine/Content/EngineMaterials/PhAT_JointLimitMaterial.uexp" 399
"../../../Engine/Content/EngineMaterials/InvalidLightmapSettings.ubulk" 400
"../../../Engine/Content/EngineMaterials/InvalidLightmapSettings.uasset" 401
"../../../Engine/Content/EngineMaterials/InvalidLightmapSettings.uexp" 402
"../../../Engine/Content/EngineMaterials/M_InvalidLightmapSettings.uasset" 403
"../../../Engine/Content/EngineMaterials/M_InvalidLightmapSettings.uexp" 404
"../../../Engine/Plugins/Interchange/Runtime/Content/gltf/M_Opaque.uasset" 405
"../../../Engine/Plugins/Interchange/Runtime/Content/gltf/M_Opaque.uexp" 406
"../../../Engine/Plugins/Interchange/Runtime/Content/gltf/MaterialInstances_SG/MI_Opaque_TS.uasset" 407
"../../../Engine/Plugins/Interchange/Runtime/Content/gltf/MaterialInstances_SG/MI_Opaque_TS.uexp" 408
"../../../Engine/Plugins/Interchange/Runtime/Content/Materials/PBRSurfaceMaterial.uasset" 409
"../../../Engine/Plugins/Interchange/Runtime/Content/Materials/PBRSurfaceMaterial.uexp" 410
"../../../Engine/Plugins/Interchange/Runtime/Content/gltf/MaterialInstances_SG/MI_Opaque_ClearCoat_TS.uasset" 411
"../../../Engine/Plugins/Interchange/Runtime/Content/gltf/MaterialInstances_SG/MI_Opaque_ClearCoat_TS.uexp" 412
"../../../Engine/Content/EngineMaterials/GizmoMaterial.uasset" 413
"../../../Engine/Content/EngineMaterials/GizmoMaterial.uexp" 414
"../../../Engine/Content/EngineMaterials/BaseFlattenEmissiveMap_VT.uasset" 415
"../../../Engine/Content/EngineMaterials/BaseFlattenEmissiveMap_VT.uexp" 416
"../../../Engine/Content/EngineMaterials/BaseFlattenGrayscaleMap_VT.uasset" 417
"../../../Engine/Content/EngineMaterials/BaseFlattenGrayscaleMap_VT.uexp" 418
"../../../Engine/Content/EngineMaterials/BaseFlattenLinearColor_VT.uasset" 419
"../../../Engine/Content/EngineMaterials/BaseFlattenLinearColor_VT.uexp" 420
"../../../Engine/Content/EngineMaterials/Black_1x1_EXR_Texture_VT.uasset" 421
"../../../Engine/Content/EngineMaterials/Black_1x1_EXR_Texture_VT.uexp" 422
"../../../Engine/Content/EngineMaterials/BaseFlattenDiffuseMap_VT.uasset" 423
"../../../Engine/Content/EngineMaterials/BaseFlattenDiffuseMap_VT.uexp" 424
"../../../Engine/Content/EngineMaterials/BaseFlattenNormalMap_VT.uasset" 425
"../../../Engine/Content/EngineMaterials/BaseFlattenNormalMap_VT.uexp" 426
"../../../Engine/Content/EngineMaterials/FlattenMaterial_WS_Normal_VT.uasset" 427
"../../../Engine/Content/EngineMaterials/FlattenMaterial_WS_Normal_VT.uexp" 428
"../../../Engine/Content/EngineMaterials/FlattenMaterial_VT.uasset" 429
"../../../Engine/Content/EngineMaterials/FlattenMaterial_VT.uexp" 430
"../../../Engine/Content/EngineMaterials/BaseFlattenNormalMap.uasset" 431
"../../../Engine/Content/EngineMaterials/BaseFlattenNormalMap.uexp" 432
"../../../Engine/Content/EngineMaterials/BaseFlattenGrayscaleMap.uasset" 433
"../../../Engine/Content/EngineMaterials/BaseFlattenGrayscaleMap.uexp" 434
"../../../Engine/Content/EngineMaterials/BaseFlattenDiffuseMap.uasset" 435
"../../../Engine/Content/EngineMaterials/BaseFlattenDiffuseMap.uexp" 436
"../../../Engine/Content/Functions/Engine_MaterialFunctions02/PivotPainter2/Black_1x1_EXR_Texture.uasset" 437
"../../../Engine/Content/Functions/Engine_MaterialFunctions02/PivotPainter2/Black_1x1_EXR_Texture.uexp" 438
"../../../Engine/Content/EngineMaterials/BaseFlattenEmissiveMap.uasset" 439
"../../../Engine/Content/EngineMaterials/BaseFlattenEmissiveMap.uexp" 440
"../../../Engine/Content/EngineMaterials/FlattenMaterial.uasset" 441
"../../../Engine/Content/EngineMaterials/FlattenMaterial.uexp" 442
"../../../Engine/Content/EngineMaterials/DefaultWhiteGrid_Low.uasset" 443
"../../../Engine/Content/EngineMaterials/DefaultWhiteGrid_Low.uexp" 444
"../../../Engine/Content/EngineMaterials/EmissiveMeshMaterial.uasset" 445
"../../../Engine/Content/EngineMaterials/EmissiveMeshMaterial.uexp" 446
"../../../Engine/Plugins/Interchange/Runtime/Content/gltf/MaterialInstances_SG/MI_Translucent_ClearCoat.uasset" 447
"../../../Engine/Plugins/Interchange/Runtime/Content/gltf/MaterialInstances_SG/MI_Translucent_ClearCoat.uexp" 448
"../../../Engine/Content/EngineFonts/RobotoDistanceField.uasset" 449
"../../../Engine/Content/EngineFonts/RobotoDistanceField.uexp" 450
"../../../Engine/Content/EngineMaterials/DefaultTextMaterialOpaque.uasset" 451
"../../../Engine/Content/EngineMaterials/DefaultTextMaterialOpaque.uexp" 452
"../../../Engine/Content/EngineMaterials/DefaultDiffuse.ubulk" 453
"../../../Engine/Content/EngineMaterials/DefaultDiffuse.uasset" 454
"../../../Engine/Content/EngineMaterials/DefaultDiffuse.uexp" 455
"../../../Engine/Content/Functions/Engine_MaterialFunctions02/Utility/BreakOutFloat2Components.uasset" 456
"../../../Engine/Content/Functions/Engine_MaterialFunctions02/Utility/BreakOutFloat2Components.uexp" 457
"../../../Engine/Content/EngineMaterials/DefaultPostProcessMaterial.uasset" 458
"../../../Engine/Content/EngineMaterials/DefaultPostProcessMaterial.uexp" 459
"../../../Engine/Content/EngineMaterials/DefaultPhysicalMaterial.uasset" 460
"../../../Engine/Content/EngineMaterials/DefaultPhysicalMaterial.uexp" 461
"../../../Engine/Content/EngineMaterials/DefaultLightFunctionMaterial.uasset" 462
"../../../Engine/Content/EngineMaterials/DefaultLightFunctionMaterial.uexp" 463
"../../../Engine/Content/EngineMaterials/DefaultDestructiblePhysicalMaterial.uasset" 464
"../../../Engine/Content/EngineMaterials/DefaultDestructiblePhysicalMaterial.uexp" 465
"../../../Engine/Content/EngineMaterials/DefaultDeferredDecalMaterial.uasset" 466
"../../../Engine/Content/EngineMaterials/DefaultDeferredDecalMaterial.uexp" 467
"../../../Engine/Plugins/Interchange/Runtime/Content/gltf/MaterialInstances_SG/MI_Opaque_Sheen.uasset" 468
"../../../Engine/Plugins/Interchange/Runtime/Content/gltf/MaterialInstances_SG/MI_Opaque_Sheen.uexp" 469
"../../../Engine/Content/EngineMaterials/DefaultBloomKernel.uasset" 470
"../../../Engine/Content/EngineMaterials/DefaultBloomKernel.uexp" 471
"../../../Engine/Plugins/Interchange/Runtime/Content/gltf/MaterialInstances_SG/MI_Opaque_ClearCoat.uasset" 472
"../../../Engine/Plugins/Interchange/Runtime/Content/gltf/MaterialInstances_SG/MI_Opaque_ClearCoat.uexp" 473
"../../../Engine/Plugins/Interchange/Runtime/Content/gltf/MaterialInstances_SG/MI_Opaque.uasset" 474
"../../../Engine/Plugins/Interchange/Runtime/Content/gltf/MaterialInstances_SG/MI_Opaque.uexp" 475
"../../../Engine/Plugins/Interchange/Runtime/Content/Materials/UnlitMaterial.uasset" 476
"../../../Engine/Plugins/Interchange/Runtime/Content/Materials/UnlitMaterial.uexp" 477
"../../../Engine/Plugins/Interchange/Runtime/Content/Materials/ThinTranslucentMaterial.uasset" 478
"../../../Engine/Plugins/Interchange/Runtime/Content/Materials/ThinTranslucentMaterial.uexp" 479
"../../../Engine/Plugins/Interchange/Runtime/Content/Materials/SubsurfaceMaterial.uasset" 480
"../../../Engine/Plugins/Interchange/Runtime/Content/Materials/SubsurfaceMaterial.uexp" 481
"../../../Engine/Plugins/Interchange/Runtime/Content/gltf/Textures/T_Gray_Linear.uasset" 482
"../../../Engine/Plugins/Interchange/Runtime/Content/gltf/Textures/T_Gray_Linear.uexp" 483
"../../../Engine/Plugins/Interchange/Runtime/Content/Materials/SheenMaterial.uasset" 484
"../../../Engine/Plugins/Interchange/Runtime/Content/Materials/SheenMaterial.uexp" 485
"../../../Engine/Content/Functions/Engine_MaterialFunctions01/Shading/ConvertFromDiffSpec.uasset" 486
"../../../Engine/Content/Functions/Engine_MaterialFunctions01/Shading/ConvertFromDiffSpec.uexp" 487
"../../../Engine/Plugins/Interchange/Runtime/Content/Materials/PhongSurfaceMaterial.uasset" 488
"../../../Engine/Plugins/Interchange/Runtime/Content/Materials/PhongSurfaceMaterial.uexp" 489
"../../../Engine/Content/MobileResources/HUD/VirtualJoystick_Background.uasset" 490
"../../../Engine/Content/MobileResources/HUD/VirtualJoystick_Background.uexp" 491
"../../../Engine/Content/MobileResources/HUD/VirtualJoystick_Thumb.uasset" 492
"../../../Engine/Content/MobileResources/HUD/VirtualJoystick_Thumb.uexp" 493
"../../../Engine/Content/MobileResources/HUD/DefaultVirtualJoysticks.uasset" 494
"../../../Engine/Content/MobileResources/HUD/DefaultVirtualJoysticks.uexp" 495
"../../../Engine/Content/Maps/Templates/HLODs/HLODLayer_Merged.uasset" 496
"../../../Engine/Content/Maps/Templates/HLODs/HLODLayer_Merged.uexp" 497
"../../../Engine/Plugins/Animation/ControlRig/Content/M_Manip.uasset" 498
"../../../Engine/Plugins/Animation/ControlRig/Content/M_Manip.uexp" 499
"../../../Engine/Plugins/Animation/ControlRig/Content/Controls/DefaultGizmoLibraryNormalized.uasset" 500
"../../../Engine/Plugins/Animation/ControlRig/Content/Controls/DefaultGizmoLibraryNormalized.uexp" 501
"../../../Engine/Plugins/Animation/ControlRig/Content/Controls/ControlRig_Wedge_solid.ubulk" 502
"../../../Engine/Plugins/Animation/ControlRig/Content/Controls/ControlRig_Wedge_solid.uasset" 503
"../../../Engine/Plugins/Animation/ControlRig/Content/Controls/ControlRig_Wedge_solid.uexp" 504
"../../../Engine/Plugins/Animation/ControlRig/Content/Controls/ControlRig_Wedge_3mm.ubulk" 505
"../../../Engine/Plugins/Animation/ControlRig/Content/Controls/ControlRig_Wedge_3mm.uasset" 506
"../../../Engine/Plugins/Animation/ControlRig/Content/Controls/ControlRig_Wedge_3mm.uexp" 507
"../../../Engine/Plugins/Animation/ControlRig/Content/Controls/ControlRig_Wedge_1mm.ubulk" 508
"../../../Engine/Plugins/Animation/ControlRig/Content/Controls/ControlRig_Wedge_1mm.uasset" 509
"../../../Engine/Plugins/Animation/ControlRig/Content/Controls/ControlRig_Wedge_1mm.uexp" 510
"../../../Engine/Plugins/Animation/ControlRig/Content/Controls/ControlRig_Triangle_solid.ubulk" 511
"../../../Engine/Plugins/Animation/ControlRig/Content/Controls/ControlRig_Triangle_solid.uasset" 512
"../../../Engine/Plugins/Animation/ControlRig/Content/Controls/ControlRig_Triangle_solid.uexp" 513
"../../../Engine/Plugins/Animation/ControlRig/Content/Controls/ControlRig_Triangle_3mm.ubulk" 514
"../../../Engine/Plugins/Animation/ControlRig/Content/Controls/ControlRig_Triangle_3mm.uasset" 515
"../../../Engine/Plugins/Animation/ControlRig/Content/Controls/ControlRig_Triangle_3mm.uexp" 516
"../../../Engine/Plugins/Animation/ControlRig/Content/Controls/ControlRig_Triangle_1mm.ubulk" 517
"../../../Engine/Plugins/Animation/ControlRig/Content/Controls/ControlRig_Triangle_1mm.uasset" 518
"../../../Engine/Plugins/Animation/ControlRig/Content/Controls/ControlRig_Triangle_1mm.uexp" 519
"../../../Engine/Plugins/Animation/ControlRig/Content/Controls/ControlRig_Star4_solid.ubulk" 520
"../../../Engine/Plugins/Animation/ControlRig/Content/Controls/ControlRig_Star4_solid.uasset" 521
"../../../Engine/Plugins/Animation/ControlRig/Content/Controls/ControlRig_Star4_solid.uexp" 522
"../../../Engine/Plugins/Animation/ControlRig/Content/Controls/ControlRig_Star4_3mm.ubulk" 523
"../../../Engine/Plugins/Animation/ControlRig/Content/Controls/ControlRig_Star4_3mm.uasset" 524
"../../../Engine/Plugins/Animation/ControlRig/Content/Controls/ControlRig_Star4_3mm.uexp" 525
"../../../Engine/Plugins/Animation/ControlRig/Content/Controls/ControlRig_Star4_1mm.ubulk" 526
"../../../Engine/Plugins/Animation/ControlRig/Content/Controls/ControlRig_Star4_1mm.uasset" 527
"../../../Engine/Plugins/Animation/ControlRig/Content/Controls/ControlRig_Star4_1mm.uexp" 528
"../../../Engine/Plugins/Animation/ControlRig/Content/Controls/ControlRig_Square_solid.ubulk" 529
"../../../Engine/Plugins/Animation/ControlRig/Content/Controls/ControlRig_Square_solid.uasset" 530
"../../../Engine/Plugins/Animation/ControlRig/Content/Controls/ControlRig_Square_solid.uexp" 531
"../../../Engine/Plugins/Animation/ControlRig/Content/Controls/ControlRig_Square_3mm.ubulk" 532
"../../../Engine/Plugins/Animation/ControlRig/Content/Controls/ControlRig_Square_3mm.uasset" 533
"../../../Engine/Plugins/Animation/ControlRig/Content/Controls/ControlRig_Square_3mm.uexp" 534
"../../../Engine/Plugins/Animation/ControlRig/Content/Controls/ControlRig_Square_1mm.ubulk" 535
"../../../Engine/Plugins/Animation/ControlRig/Content/Controls/ControlRig_Square_1mm.uasset" 536
"../../../Engine/Plugins/Animation/ControlRig/Content/Controls/ControlRig_Square_1mm.uexp" 537
"../../../Engine/Plugins/Animation/ControlRig/Content/Controls/ControlRig_Sphere_solid.ubulk" 538
"../../../Engine/Plugins/Animation/ControlRig/Content/Controls/ControlRig_Sphere_solid.uasset" 539
"../../../Engine/Plugins/Animation/ControlRig/Content/Controls/ControlRig_Sphere_solid.uexp" 540
"../../../Engine/Plugins/Animation/ControlRig/Content/Controls/ControlRig_Sphere_3mm.ubulk" 541
"../../../Engine/Plugins/Animation/ControlRig/Content/Controls/ControlRig_Sphere_3mm.uasset" 542
"../../../Engine/Plugins/Animation/ControlRig/Content/Controls/ControlRig_Sphere_3mm.uexp" 543
"../../../Engine/Plugins/Animation/ControlRig/Content/Controls/ControlRig_Sphere_1mm.ubulk" 544
"../../../Engine/Plugins/Animation/ControlRig/Content/Controls/ControlRig_Sphere_1mm.uasset" 545
"../../../Engine/Plugins/Animation/ControlRig/Content/Controls/ControlRig_Sphere_1mm.uexp" 546
"../../../Engine/Plugins/Animation/ControlRig/Content/Controls/ControlRig_RoundedTriangle_solid.ubulk" 547
"../../../Engine/Plugins/Animation/ControlRig/Content/Controls/ControlRig_RoundedTriangle_solid.uasset" 548
"../../../Engine/Plugins/Animation/ControlRig/Content/Controls/ControlRig_RoundedTriangle_solid.uexp" 549
"../../../Engine/Plugins/Animation/ControlRig/Content/Controls/ControlRig_RoundedTriangle_3mm.ubulk" 550
"../../../Engine/Plugins/Animation/ControlRig/Content/Controls/ControlRig_RoundedTriangle_3mm.uasset" 551
"../../../Engine/Plugins/Animation/ControlRig/Content/Controls/ControlRig_RoundedTriangle_3mm.uexp" 552
"../../../Engine/Plugins/Animation/ControlRig/Content/Controls/ControlRig_RoundedTriangle_1mm.ubulk" 553
"../../../Engine/Plugins/Animation/ControlRig/Content/Controls/ControlRig_RoundedTriangle_1mm.uasset" 554
"../../../Engine/Plugins/Animation/ControlRig/Content/Controls/ControlRig_RoundedTriangle_1mm.uexp" 555
"../../../Engine/Plugins/Animation/ControlRig/Content/Controls/ControlRig_RoundedSquare_solid.ubulk" 556
"../../../Engine/Plugins/Animation/ControlRig/Content/Controls/ControlRig_RoundedSquare_solid.uasset" 557
"../../../Engine/Plugins/Animation/ControlRig/Content/Controls/ControlRig_RoundedSquare_solid.uexp" 558
"../../../Engine/Plugins/Animation/ControlRig/Content/Controls/ControlRig_RoundedSquare_3mm.ubulk" 559
"../../../Engine/Plugins/Animation/ControlRig/Content/Controls/ControlRig_RoundedSquare_3mm.uasset" 560
"../../../Engine/Plugins/Animation/ControlRig/Content/Controls/ControlRig_RoundedSquare_3mm.uexp" 561
"../../../Engine/Plugins/Animation/ControlRig/Content/Controls/ControlRig_RoundedSquare_1mm.ubulk" 562
"../../../Engine/Plugins/Animation/ControlRig/Content/Controls/ControlRig_RoundedSquare_1mm.uasset" 563
"../../../Engine/Plugins/Animation/ControlRig/Content/Controls/ControlRig_RoundedSquare_1mm.uexp" 564
"../../../Engine/Plugins/Animation/ControlRig/Content/Controls/ControlRig_QuarterCircle_solid.ubulk" 565
"../../../Engine/Plugins/Animation/ControlRig/Content/Controls/ControlRig_QuarterCircle_solid.uasset" 566
"../../../Engine/Plugins/Animation/ControlRig/Content/Controls/ControlRig_QuarterCircle_solid.uexp" 567
"../../../Engine/Plugins/Animation/ControlRig/Content/Controls/ControlRig_QuarterCircle_3mm.ubulk" 568
"../../../Engine/Plugins/Animation/ControlRig/Content/Controls/ControlRig_QuarterCircle_3mm.uasset" 569
"../../../Engine/Plugins/Animation/ControlRig/Content/Controls/ControlRig_QuarterCircle_3mm.uexp" 570
"../../../Engine/Plugins/Animation/ControlRig/Content/Controls/ControlRig_QuarterCircle_1mm.ubulk" 571
"../../../Engine/Plugins/Animation/ControlRig/Content/Controls/ControlRig_QuarterCircle_1mm.uasset" 572
"../../../Engine/Plugins/Animation/ControlRig/Content/Controls/ControlRig_QuarterCircle_1mm.uexp" 573
"../../../Engine/Plugins/Animation/ControlRig/Content/Controls/ControlRig_Pyramid_solid.ubulk" 574
"../../../Engine/Plugins/Animation/ControlRig/Content/Controls/ControlRig_Pyramid_solid.uasset" 575
"../../../Engine/Plugins/Animation/ControlRig/Content/Controls/ControlRig_Pyramid_solid.uexp" 576
"../../../Engine/Plugins/Animation/ControlRig/Content/Controls/ControlRig_Pyramid_3mm.ubulk" 577
"../../../Engine/Plugins/Animation/ControlRig/Content/Controls/ControlRig_Pyramid_3mm.uasset" 578
"../../../Engine/Plugins/Animation/ControlRig/Content/Controls/ControlRig_Pyramid_3mm.uexp" 579
"../../../Engine/Plugins/Animation/ControlRig/Content/Controls/ControlRig_Pyramid_1mm.ubulk" 580
"../../../Engine/Plugins/Animation/ControlRig/Content/Controls/ControlRig_Pyramid_1mm.uasset" 581
"../../../Engine/Plugins/Animation/ControlRig/Content/Controls/ControlRig_Pyramid_1mm.uexp" 582
"../../../Engine/Plugins/Animation/ControlRig/Content/Controls/ControlRig_Octagon_solid.ubulk" 583
"../../../Engine/Plugins/Animation/ControlRig/Content/Controls/ControlRig_Octagon_solid.uasset" 584
"../../../Engine/Plugins/Animation/ControlRig/Content/Controls/ControlRig_Octagon_solid.uexp" 585
"../../../Engine/Plugins/Animation/ControlRig/Content/Controls/ControlRig_Octagon_3mm.ubulk" 586
"../../../Engine/Plugins/Animation/ControlRig/Content/Controls/ControlRig_Octagon_3mm.uasset" 587
"../../../Engine/Plugins/Animation/ControlRig/Content/Controls/ControlRig_Octagon_3mm.uexp" 588
"../../../Engine/Plugins/Animation/ControlRig/Content/Controls/ControlRig_Octagon_1mm.ubulk" 589
"../../../Engine/Plugins/Animation/ControlRig/Content/Controls/ControlRig_Octagon_1mm.uasset" 590
"../../../Engine/Plugins/Animation/ControlRig/Content/Controls/ControlRig_Octagon_1mm.uexp" 591
"../../../Engine/Plugins/Animation/ControlRig/Content/Controls/ControlRig_Hexagon_solid.ubulk" 592
"../../../Engine/Plugins/Animation/ControlRig/Content/Controls/ControlRig_Hexagon_solid.uasset" 593
"../../../Engine/Plugins/Animation/ControlRig/Content/Controls/ControlRig_Hexagon_solid.uexp" 594
"../../../Engine/Plugins/Animation/ControlRig/Content/Controls/ControlRig_Hexagon_3mm.ubulk" 595
"../../../Engine/Plugins/Animation/ControlRig/Content/Controls/ControlRig_Hexagon_3mm.uasset" 596
"../../../Engine/Plugins/Animation/ControlRig/Content/Controls/ControlRig_Hexagon_3mm.uexp" 597
"../../../Engine/Plugins/Animation/ControlRig/Content/Controls/ControlRig_Hexagon_1mm.ubulk" 598
"../../../Engine/Plugins/Animation/ControlRig/Content/Controls/ControlRig_Hexagon_1mm.uasset" 599
"../../../Engine/Plugins/Animation/ControlRig/Content/Controls/ControlRig_Hexagon_1mm.uexp" 600
"../../../Engine/Plugins/Animation/ControlRig/Content/Controls/ControlRig_HalfCircle_solid.ubulk" 601
"../../../Engine/Plugins/Animation/ControlRig/Content/Controls/ControlRig_HalfCircle_solid.uasset" 602
"../../../Engine/Plugins/Animation/ControlRig/Content/Controls/ControlRig_HalfCircle_solid.uexp" 603
"../../../Engine/Plugins/Animation/ControlRig/Content/Controls/ControlRig_HalfCircle_3mm.ubulk" 604
"../../../Engine/Plugins/Animation/ControlRig/Content/Controls/ControlRig_HalfCircle_3mm.uasset" 605
"../../../Engine/Plugins/Animation/ControlRig/Content/Controls/ControlRig_HalfCircle_3mm.uexp" 606
"../../../Engine/Plugins/Animation/ControlRig/Content/Controls/ControlRig_HalfCircle_1mm.ubulk" 607
"../../../Engine/Plugins/Animation/ControlRig/Content/Controls/ControlRig_HalfCircle_1mm.uasset" 608
"../../../Engine/Plugins/Animation/ControlRig/Content/Controls/ControlRig_HalfCircle_1mm.uexp" 609
"../../../Engine/Plugins/Animation/ControlRig/Content/Controls/ControlRig_Diamond_solid.ubulk" 610
"../../../Engine/Plugins/Animation/ControlRig/Content/Controls/ControlRig_Diamond_solid.uasset" 611
"../../../Engine/Plugins/Animation/ControlRig/Content/Controls/ControlRig_Diamond_solid.uexp" 612
"../../../Engine/Plugins/Animation/ControlRig/Content/Controls/ControlRig_Diamond_3mm.ubulk" 613
"../../../Engine/Plugins/Animation/ControlRig/Content/Controls/ControlRig_Diamond_3mm.uasset" 614
"../../../Engine/Plugins/Animation/ControlRig/Content/Controls/ControlRig_Diamond_3mm.uexp" 615
"../../../Engine/Plugins/Animation/ControlRig/Content/Controls/ControlRig_Diamond_1mm.ubulk" 616
"../../../Engine/Plugins/Animation/ControlRig/Content/Controls/ControlRig_Diamond_1mm.uasset" 617
"../../../Engine/Plugins/Animation/ControlRig/Content/Controls/ControlRig_Diamond_1mm.uexp" 618
"../../../Engine/Plugins/Animation/ControlRig/Content/Controls/ControlRig_Circle_solid.ubulk" 619
"../../../Engine/Plugins/Animation/ControlRig/Content/Controls/ControlRig_Circle_solid.uasset" 620
"../../../Engine/Plugins/Animation/ControlRig/Content/Controls/ControlRig_Circle_solid.uexp" 621
"../../../Engine/Plugins/Animation/ControlRig/Content/Controls/ControlRig_Circle_3mm.ubulk" 622
"../../../Engine/Plugins/Animation/ControlRig/Content/Controls/ControlRig_Circle_3mm.uasset" 623
"../../../Engine/Plugins/Animation/ControlRig/Content/Controls/ControlRig_Circle_3mm.uexp" 624
"../../../Engine/Plugins/Animation/ControlRig/Content/Controls/ControlRig_Circle_1mm.ubulk" 625
"../../../Engine/Plugins/Animation/ControlRig/Content/Controls/ControlRig_Circle_1mm.uasset" 626
"../../../Engine/Plugins/Animation/ControlRig/Content/Controls/ControlRig_Circle_1mm.uexp" 627
"../../../Engine/Plugins/Animation/ControlRig/Content/Controls/ControlRig_Box_solid.ubulk" 628
"../../../Engine/Plugins/Animation/ControlRig/Content/Controls/ControlRig_Box_solid.uasset" 629
"../../../Engine/Plugins/Animation/ControlRig/Content/Controls/ControlRig_Box_solid.uexp" 630
"../../../Engine/Plugins/Animation/ControlRig/Content/Controls/ControlRig_Box_3mm.ubulk" 631
"../../../Engine/Plugins/Animation/ControlRig/Content/Controls/ControlRig_Box_3mm.uasset" 632
"../../../Engine/Plugins/Animation/ControlRig/Content/Controls/ControlRig_Box_3mm.uexp" 633
"../../../Engine/Plugins/Animation/ControlRig/Content/Controls/ControlRig_Box_1mm.ubulk" 634
"../../../Engine/Plugins/Animation/ControlRig/Content/Controls/ControlRig_Box_1mm.uasset" 635
"../../../Engine/Plugins/Animation/ControlRig/Content/Controls/ControlRig_Box_1mm.uexp" 636
"../../../Engine/Plugins/Animation/ControlRig/Content/Controls/ControlRig_Arrow_solid.ubulk" 637
"../../../Engine/Plugins/Animation/ControlRig/Content/Controls/ControlRig_Arrow_solid.uasset" 638
"../../../Engine/Plugins/Animation/ControlRig/Content/Controls/ControlRig_Arrow_solid.uexp" 639
"../../../Engine/Plugins/Animation/ControlRig/Content/Controls/ControlRig_Arrow_3mm.ubulk" 640
"../../../Engine/Plugins/Animation/ControlRig/Content/Controls/ControlRig_Arrow_3mm.uasset" 641
"../../../Engine/Plugins/Animation/ControlRig/Content/Controls/ControlRig_Arrow_3mm.uexp" 642
"../../../Engine/Plugins/Animation/ControlRig/Content/Controls/ControlRig_Arrow_1mm.ubulk" 643
"../../../Engine/Plugins/Animation/ControlRig/Content/Controls/ControlRig_Arrow_1mm.uasset" 644
"../../../Engine/Plugins/Animation/ControlRig/Content/Controls/ControlRig_Arrow_1mm.uexp" 645
"../../../Engine/Plugins/Animation/ControlRig/Content/Controls/ControlRig_Arrow4_solid.ubulk" 646
"../../../Engine/Plugins/Animation/ControlRig/Content/Controls/ControlRig_Arrow4_solid.uasset" 647
"../../../Engine/Plugins/Animation/ControlRig/Content/Controls/ControlRig_Arrow4_solid.uexp" 648
"../../../Engine/Plugins/Animation/ControlRig/Content/Controls/ControlRig_Arrow4_3mm.ubulk" 649
"../../../Engine/Plugins/Animation/ControlRig/Content/Controls/ControlRig_Arrow4_3mm.uasset" 650
"../../../Engine/Plugins/Animation/ControlRig/Content/Controls/ControlRig_Arrow4_3mm.uexp" 651
"../../../Engine/Plugins/Animation/ControlRig/Content/Controls/ControlRig_Arrow4_1mm.ubulk" 652
"../../../Engine/Plugins/Animation/ControlRig/Content/Controls/ControlRig_Arrow4_1mm.uasset" 653
"../../../Engine/Plugins/Animation/ControlRig/Content/Controls/ControlRig_Arrow4_1mm.uexp" 654
"../../../Engine/Plugins/Animation/ControlRig/Content/Controls/ControlRig_Arrow2_solid.ubulk" 655
"../../../Engine/Plugins/Animation/ControlRig/Content/Controls/ControlRig_Arrow2_solid.uasset" 656
"../../../Engine/Plugins/Animation/ControlRig/Content/Controls/ControlRig_Arrow2_solid.uexp" 657
"../../../Engine/Plugins/Animation/ControlRig/Content/Controls/ControlRig_Arrow2_3mm.ubulk" 658
"../../../Engine/Plugins/Animation/ControlRig/Content/Controls/ControlRig_Arrow2_3mm.uasset" 659
"../../../Engine/Plugins/Animation/ControlRig/Content/Controls/ControlRig_Arrow2_3mm.uexp" 660
"../../../Engine/Plugins/Animation/ControlRig/Content/Controls/ControlRig_Arrow2_1mm.ubulk" 661
"../../../Engine/Plugins/Animation/ControlRig/Content/Controls/ControlRig_Arrow2_1mm.uasset" 662
"../../../Engine/Plugins/Animation/ControlRig/Content/Controls/ControlRig_Arrow2_1mm.uexp" 663
"../../../Engine/Plugins/Animation/ControlRig/Content/Controls/ControlRigXRayMaterial.uasset" 664
"../../../Engine/Plugins/Animation/ControlRig/Content/Controls/ControlRigXRayMaterial.uexp" 665
"../../../Engine/Plugins/Animation/ControlRig/Content/Controls/ControlRigGizmoMaterial.uasset" 666
"../../../Engine/Plugins/Animation/ControlRig/Content/Controls/ControlRigGizmoMaterial.uexp" 667
"../../../Engine/Plugins/2D/Paper2D/Content/PlaceholderTextures/DummySpriteTexture.ubulk" 668
"../../../Engine/Plugins/2D/Paper2D/Content/PlaceholderTextures/DummySpriteTexture.uasset" 669
"../../../Engine/Plugins/2D/Paper2D/Content/PlaceholderTextures/DummySpriteTexture.uexp" 670
"../../../Engine/Plugins/2D/Paper2D/Content/DefaultSpriteMaterial.uasset" 671
"../../../Engine/Plugins/2D/Paper2D/Content/DefaultSpriteMaterial.uexp" 672
"../../../Engine/Plugins/2D/Paper2D/Content/OpaqueUnlitSpriteMaterial.uasset" 673
"../../../Engine/Plugins/2D/Paper2D/Content/OpaqueUnlitSpriteMaterial.uexp" 674
"../../../Engine/Plugins/2D/Paper2D/Content/MaskedUnlitSpriteMaterial.uasset" 675
"../../../Engine/Plugins/2D/Paper2D/Content/MaskedUnlitSpriteMaterial.uexp" 676
"../../../Engine/Plugins/2D/Paper2D/Content/DummySprite.uasset" 677
"../../../Engine/Plugins/2D/Paper2D/Content/DummySprite.uexp" 678
"../../../Engine/Plugins/2D/Paper2D/Content/DefaultPaperTerrainMaterial.uasset" 679
"../../../Engine/Plugins/2D/Paper2D/Content/DefaultPaperTerrainMaterial.uexp" 680
"../../../Engine/Plugins/Editor/SpeedTreeImporter/Content/SpeedTree9/game_wind_noise.ubulk" 681
"../../../Engine/Plugins/Editor/SpeedTreeImporter/Content/SpeedTree9/game_wind_noise.uasset" 682
"../../../Engine/Plugins/Editor/SpeedTreeImporter/Content/SpeedTree9/game_wind_noise.uexp" 683
"../../../Engine/Plugins/Editor/SpeedTreeImporter/Content/SpeedTree9/UnpackDirection.uasset" 684
"../../../Engine/Plugins/Editor/SpeedTreeImporter/Content/SpeedTree9/UnpackDirection.uexp" 685
"../../../Engine/Content/Functions/Engine_MaterialFunctions02/ObjectLocalBounds.uasset" 686
"../../../Engine/Content/Functions/Engine_MaterialFunctions02/ObjectLocalBounds.uexp" 687
"../../../Engine/Content/Functions/Engine_MaterialFunctions02/UVs/BoundingBoxBased_0-1_UVW.uasset" 688
"../../../Engine/Content/Functions/Engine_MaterialFunctions02/UVs/BoundingBoxBased_0-1_UVW.uexp" 689
"../../../Engine/Content/Functions/Engine_MaterialFunctions02/Utility/VectorLength.uasset" 690
"../../../Engine/Content/Functions/Engine_MaterialFunctions02/Utility/VectorLength.uexp" 691
"../../../Engine/Plugins/Editor/SpeedTreeImporter/Content/SpeedTree9/UnpackInteger3.uasset" 692
"../../../Engine/Plugins/Editor/SpeedTreeImporter/Content/SpeedTree9/UnpackInteger3.uexp" 693
"../../../Engine/Plugins/Editor/SpeedTreeImporter/Content/SpeedTree9/SpeedTreeCameraFacing.uasset" 694
"../../../Engine/Plugins/Editor/SpeedTreeImporter/Content/SpeedTree9/SpeedTreeCameraFacing.uexp" 695
"../../../Engine/Content/Functions/Engine_MaterialFunctions02/WorldPositionOffset/ObjectScale.uasset" 696
"../../../Engine/Content/Functions/Engine_MaterialFunctions02/WorldPositionOffset/ObjectScale.uexp" 697
"../../../Engine/Content/Functions/Engine_MaterialFunctions02/SafeNormalize.uasset" 698
"../../../Engine/Content/Functions/Engine_MaterialFunctions02/SafeNormalize.uexp" 699
"../../../Engine/Plugins/Editor/SpeedTreeImporter/Content/SpeedTree9/SpeedTreeWindMotion.uasset" 700
"../../../Engine/Plugins/Editor/SpeedTreeImporter/Content/SpeedTree9/SpeedTreeWindMotion.uexp" 701
"../../../Engine/Plugins/Editor/SpeedTreeImporter/Content/SpeedTree9/SpeedTreeBranchMotion.uasset" 702
"../../../Engine/Plugins/Editor/SpeedTreeImporter/Content/SpeedTree9/SpeedTreeBranchMotion.uexp" 703
"../../../Engine/Plugins/Editor/SpeedTreeImporter/Content/SpeedTree9/SpeedTreeWind.uasset" 704
"../../../Engine/Plugins/Editor/SpeedTreeImporter/Content/SpeedTree9/SpeedTreeWind.uexp" 705
"../../../Engine/Plugins/Editor/SpeedTreeImporter/Content/SpeedTree9/EmptyNormal.uasset" 706
"../../../Engine/Plugins/Editor/SpeedTreeImporter/Content/SpeedTree9/EmptyNormal.uexp" 707
"../../../Engine/Plugins/Editor/SpeedTreeImporter/Content/SpeedTree9/Empty.uasset" 708
"../../../Engine/Plugins/Editor/SpeedTreeImporter/Content/SpeedTree9/Empty.uexp" 709
"../../../Engine/Plugins/Editor/SpeedTreeImporter/Content/SpeedTree9/SpeedTreeMaster.uasset" 710
"../../../Engine/Plugins/Editor/SpeedTreeImporter/Content/SpeedTree9/SpeedTreeMaster.uexp" 711
"../../../Engine/Plugins/Editor/SpeedTreeImporter/Content/SpeedTree9/SpeedTreeBillboard.uasset" 712
"../../../Engine/Plugins/Editor/SpeedTreeImporter/Content/SpeedTree9/SpeedTreeBillboard.uexp" 713
"../../../Engine/Plugins/Editor/SpeedTreeImporter/Content/SpeedTree9/SpeedTreeBillboardMaster.uasset" 714
"../../../Engine/Plugins/Editor/SpeedTreeImporter/Content/SpeedTree9/SpeedTreeBillboardMaster.uexp" 715
"../../../Engine/Content/EngineMaterials/FlatNormal.uasset" 716
"../../../Engine/Content/EngineMaterials/FlatNormal.uexp" 717
"../../../Engine/Plugins/Interchange/Runtime/Content/Functions/MF_OrenNayerView.uasset" 718
"../../../Engine/Plugins/Interchange/Runtime/Content/Functions/MF_OrenNayerView.uexp" 719
"../../../Engine/Content/EditorLandscapeResources/WhiteSquareTexture.uasset" 720
"../../../Engine/Content/EditorLandscapeResources/WhiteSquareTexture.uexp" 721
"../../../Engine/Plugins/Interchange/Runtime/Content/Functions/MF_SchlickApprox.uasset" 722
"../../../Engine/Plugins/Interchange/Runtime/Content/Functions/MF_SchlickApprox.uexp" 723
"../../../Engine/Plugins/Interchange/Runtime/Content/Utilities/New_LUT.uasset" 724
"../../../Engine/Plugins/Interchange/Runtime/Content/Utilities/New_LUT.uexp" 725
"../../../Engine/Content/Functions/Engine_MaterialFunctions03/Math/RemapValueRange.uasset" 726
"../../../Engine/Content/Functions/Engine_MaterialFunctions03/Math/RemapValueRange.uexp" 727
"../../../Engine/Plugins/Interchange/Runtime/Content/Functions/MF_Iridescence.uasset" 728
"../../../Engine/Plugins/Interchange/Runtime/Content/Functions/MF_Iridescence.uexp" 729
"../../../Engine/Plugins/Interchange/Runtime/Content/Materials/OrenNayerMaterial.uasset" 730
"../../../Engine/Plugins/Interchange/Runtime/Content/Materials/OrenNayerMaterial.uexp" 731
"../../../Engine/Content/Functions/Engine_MaterialFunctions02/Texturing/CustomRotator.uasset" 732
"../../../Engine/Content/Functions/Engine_MaterialFunctions02/Texturing/CustomRotator.uexp" 733
"../../../Engine/Content/Functions/Engine_MaterialFunctions02/Texturing/ScreenAlignedPixelToPixelUVs.uasset" 734
"../../../Engine/Content/Functions/Engine_MaterialFunctions02/Texturing/ScreenAlignedPixelToPixelUVs.uexp" 735
"../../../Engine/Plugins/Interchange/Runtime/Content/Utilities/T_Bayer64_Grayscale_64px.uasset" 736
"../../../Engine/Plugins/Interchange/Runtime/Content/Utilities/T_Bayer64_Grayscale_64px.uexp" 737
"../../../Engine/Plugins/Interchange/Runtime/Content/gltf/MaterialFunctions/MF_Temporal_Blur.uasset" 738
"../../../Engine/Plugins/Interchange/Runtime/Content/gltf/MaterialFunctions/MF_Temporal_Blur.uexp" 739
"../../../Engine/Plugins/Interchange/Runtime/Content/gltf/MaterialFunctions/MF_Fresnel_DS.uasset" 740
"../../../Engine/Plugins/Interchange/Runtime/Content/gltf/MaterialFunctions/MF_Fresnel_DS.uexp" 741
"../../../Engine/Plugins/Interchange/Runtime/Content/Functions/MX_Transmission.uasset" 742
"../../../Engine/Plugins/Interchange/Runtime/Content/Functions/MX_Transmission.uexp" 743
"../../../Engine/Plugins/Interchange/Runtime/Content/Functions/MX_StandardSurface.uasset" 744
"../../../Engine/Plugins/Interchange/Runtime/Content/Functions/MX_StandardSurface.uexp" 745
"../../../Engine/Plugins/Interchange/Runtime/Content/Functions/MX_TransmissionSurface.uasset" 746
"../../../Engine/Plugins/Interchange/Runtime/Content/Functions/MX_TransmissionSurface.uexp" 747
"../../../Engine/Content/Functions/Engine_MaterialFunctions02/WorldPositionOffset/V2/ObjectScale.uasset" 748
"../../../Engine/Content/Functions/Engine_MaterialFunctions02/WorldPositionOffset/V2/ObjectScale.uexp" 749
"../../../Engine/Plugins/Interchange/Runtime/Content/gltf/MaterialFunctions/MF_TransmissionOpacity.uasset" 750
"../../../Engine/Plugins/Interchange/Runtime/Content/gltf/MaterialFunctions/MF_TransmissionOpacity.uexp" 751
"../../../Engine/Plugins/Interchange/Runtime/Content/gltf/MaterialFunctions/MF_Transmission.uasset" 752
"../../../Engine/Plugins/Interchange/Runtime/Content/gltf/MaterialFunctions/MF_Transmission.uexp" 753
"../../../Engine/Plugins/Interchange/Runtime/Content/gltf/M_Transmission.uasset" 754
"../../../Engine/Plugins/Interchange/Runtime/Content/gltf/M_Transmission.uexp" 755
"../../../Engine/Plugins/Interchange/Runtime/Content/gltf/MaterialInstances_MR/MI_Transmission_TS.uasset" 756
"../../../Engine/Plugins/Interchange/Runtime/Content/gltf/MaterialInstances_MR/MI_Transmission_TS.uexp" 757
"../../../Engine/Plugins/Interchange/Runtime/Content/gltf/MaterialInstances_MR/MI_Transmission.uasset" 758
"../../../Engine/Plugins/Interchange/Runtime/Content/gltf/MaterialInstances_MR/MI_Transmission.uexp" 759
"../../../Engine/Plugins/Interchange/Runtime/Content/gltf/MaterialInstances_MR/MI_Translucent_TS.uasset" 760
"../../../Engine/Plugins/Interchange/Runtime/Content/gltf/MaterialInstances_MR/MI_Translucent_TS.uexp" 761
"../../../Engine/Plugins/Interchange/Runtime/Content/gltf/MaterialInstances_MR/MI_Translucent_ClearCoat_TS.uasset" 762
"../../../Engine/Plugins/Interchange/Runtime/Content/gltf/MaterialInstances_MR/MI_Translucent_ClearCoat_TS.uexp" 763
"../../../Engine/Plugins/Interchange/Runtime/Content/gltf/MaterialInstances_MR/MI_Translucent_ClearCoat.uasset" 764
"../../../Engine/Plugins/Interchange/Runtime/Content/gltf/MaterialInstances_MR/MI_Translucent_ClearCoat.uexp" 765
"../../../Engine/Plugins/Interchange/Runtime/Content/gltf/MaterialInstances_MR/MI_Translucent.uasset" 766
"../../../Engine/Plugins/Interchange/Runtime/Content/gltf/MaterialInstances_MR/MI_Translucent.uexp" 767
"../../../Engine/Plugins/Interchange/Runtime/Content/gltf/M_Unlit.uasset" 768
"../../../Engine/Plugins/Interchange/Runtime/Content/gltf/M_Unlit.uexp" 769
"../../../Engine/Plugins/Interchange/Runtime/Content/gltf/MaterialInstances_MR/MI_Opaque_Unlit_TS.uasset" 770
"../../../Engine/Plugins/Interchange/Runtime/Content/gltf/MaterialInstances_MR/MI_Opaque_Unlit_TS.uexp" 771
"../../../Engine/Plugins/Interchange/Runtime/Content/gltf/MaterialInstances_MR/MI_Opaque_Unlit.uasset" 772
"../../../Engine/Plugins/Interchange/Runtime/Content/gltf/MaterialInstances_MR/MI_Opaque_Unlit.uexp" 773
"../../../Engine/Plugins/Interchange/Runtime/Content/gltf/MaterialInstances_MR/MI_Opaque_TS.uasset" 774
"../../../Engine/Plugins/Interchange/Runtime/Content/gltf/MaterialInstances_MR/MI_Opaque_TS.uexp" 775
"../../../Engine/Plugins/Interchange/Runtime/Content/gltf/MaterialInstances_MR/MI_Opaque_Sheen_TS.uasset" 776
"../../../Engine/Plugins/Interchange/Runtime/Content/gltf/MaterialInstances_MR/MI_Opaque_Sheen_TS.uexp" 777
"../../../Engine/Plugins/Interchange/Runtime/Content/gltf/MaterialInstances_MR/MI_Opaque_Sheen.uasset" 778
"../../../Engine/Plugins/Interchange/Runtime/Content/gltf/MaterialInstances_MR/MI_Opaque_Sheen.uexp" 779
"../../../Engine/Plugins/Interchange/Runtime/Content/gltf/MaterialInstances_MR/MI_Opaque_ClearCoat_TS.uasset" 780
"../../../Engine/Plugins/Interchange/Runtime/Content/gltf/MaterialInstances_MR/MI_Opaque_ClearCoat_TS.uexp" 781
"../../../Engine/Plugins/Interchange/Runtime/Content/gltf/MaterialInstances_MR/MI_Opaque_ClearCoat.uasset" 782
"../../../Engine/Plugins/Interchange/Runtime/Content/gltf/MaterialInstances_MR/MI_Opaque_ClearCoat.uexp" 783
"../../../Engine/Plugins/Interchange/Runtime/Content/gltf/MaterialInstances_MR/MI_Opaque.uasset" 784
"../../../Engine/Plugins/Interchange/Runtime/Content/gltf/MaterialInstances_MR/MI_Opaque.uexp" 785
"../../../Engine/Plugins/Interchange/Runtime/Content/gltf/MaterialInstances_SG/MI_Transmission_TS.uasset" 786
"../../../Engine/Plugins/Interchange/Runtime/Content/gltf/MaterialInstances_SG/MI_Transmission_TS.uexp" 787
"../../../Engine/Plugins/Interchange/Runtime/Content/gltf/MaterialInstances_SG/MI_Transmission.uasset" 788
"../../../Engine/Plugins/Interchange/Runtime/Content/gltf/MaterialInstances_SG/MI_Transmission.uexp" 789
"../../../Engine/Plugins/Interchange/Runtime/Content/gltf/MaterialInstances_SG/MI_Translucent_TS.uasset" 790
"../../../Engine/Plugins/Interchange/Runtime/Content/gltf/MaterialInstances_SG/MI_Translucent_TS.uexp" 791
"../../../Engine/Plugins/Interchange/Runtime/Content/gltf/MaterialInstances_SG/MI_Translucent_ClearCoat_TS.uasset" 792
"../../../Engine/Plugins/Interchange/Runtime/Content/gltf/MaterialInstances_SG/MI_Translucent_ClearCoat_TS.uexp" 793
"../../../Engine/Content/Maps/Templates/HLODs/HLODLayer_Instanced.uasset" 794
"../../../Engine/Content/Maps/Templates/HLODs/HLODLayer_Instanced.uexp" 795
"D:/DiplomenProekt/Content/FPWeapon/Audio/165660__pacmangamer__out-of-ammo-no-ammo.ubulk" 796
"D:/DiplomenProekt/Content/FPWeapon/Audio/165660__pacmangamer__out-of-ammo-no-ammo.uasset" 797
"D:/DiplomenProekt/Content/FPWeapon/Audio/165660__pacmangamer__out-of-ammo-no-ammo.uexp" 798
"D:/DiplomenProekt/Content/FPWeapon/Audio/mag-in-82094.ubulk" 799
"D:/DiplomenProekt/Content/FPWeapon/Audio/mag-in-82094.uasset" 800
"D:/DiplomenProekt/Content/FPWeapon/Audio/mag-in-82094.uexp" 801
"../../../Engine/Content/Animation/DefaultAnimCurveCompressionSettings.uasset" 802
"../../../Engine/Content/Animation/DefaultAnimCurveCompressionSettings.uexp" 803
"../../../Engine/Content/Animation/DefaultAnimBoneCompressionSettings.uasset" 804
"../../../Engine/Content/Animation/DefaultAnimBoneCompressionSettings.uexp" 805
"D:/DiplomenProekt/Content/FirstPersonArms/Character/Mesh/SK_Mannequin_Arms_Skeleton.uasset" 806
"D:/DiplomenProekt/Content/FirstPersonArms/Character/Mesh/SK_Mannequin_Arms_Skeleton.uexp" 807
"D:/DiplomenProekt/Content/FirstPersonArms/Animations/FP_Rifle_Falling.uasset" 808
"D:/DiplomenProekt/Content/FirstPersonArms/Animations/FP_Rifle_Falling.uexp" 809
"../../../Engine/Content/Functions/Engine_MaterialFunctions02/Utility/BlendAngleCorrectedNormals.uasset" 810
"../../../Engine/Content/Functions/Engine_MaterialFunctions02/Utility/BlendAngleCorrectedNormals.uexp" 811
"../../../Engine/Content/Functions/MaterialLayerFunctions/MatLayerBlend_NormalBlend.uasset" 812
"../../../Engine/Content/Functions/MaterialLayerFunctions/MatLayerBlend_NormalBlend.uexp" 813
"D:/DiplomenProekt/Content/FirstPersonArms/Character/Materials/MaterialLayers/T_ML_Rubber_Blue_01_N.ubulk" 814
"D:/DiplomenProekt/Content/FirstPersonArms/Character/Materials/MaterialLayers/T_ML_Rubber_Blue_01_N.uasset" 815
"D:/DiplomenProekt/Content/FirstPersonArms/Character/Materials/MaterialLayers/T_ML_Rubber_Blue_01_N.uexp" 816
"D:/DiplomenProekt/Content/FirstPersonArms/Character/Materials/MaterialLayers/T_ML_Rubber_Blue_01_D.ubulk" 817
"D:/DiplomenProekt/Content/FirstPersonArms/Character/Materials/MaterialLayers/T_ML_Rubber_Blue_01_D.uasset" 818
"D:/DiplomenProekt/Content/FirstPersonArms/Character/Materials/MaterialLayers/T_ML_Rubber_Blue_01_D.uexp" 819
"D:/DiplomenProekt/Content/FirstPersonArms/Character/Materials/MaterialLayers/ML_GlossyBlack_Latex_UE4.uasset" 820
"D:/DiplomenProekt/Content/FirstPersonArms/Character/Materials/MaterialLayers/ML_GlossyBlack_Latex_UE4.uexp" 821
"D:/DiplomenProekt/Content/FirstPersonArms/Character/Textures/UE4_Mannequin_MAT_MASKA.ubulk" 822
"D:/DiplomenProekt/Content/FirstPersonArms/Character/Textures/UE4_Mannequin_MAT_MASKA.uasset" 823
"D:/DiplomenProekt/Content/FirstPersonArms/Character/Textures/UE4_Mannequin_MAT_MASKA.uexp" 824
"D:/DiplomenProekt/Content/FirstPersonArms/Character/Textures/UE4_LOGO_CARD.ubulk" 825
"D:/DiplomenProekt/Content/FirstPersonArms/Character/Textures/UE4_LOGO_CARD.uasset" 826
"D:/DiplomenProekt/Content/FirstPersonArms/Character/Textures/UE4_LOGO_CARD.uexp" 827
"D:/DiplomenProekt/Content/FirstPersonArms/Character/Materials/MaterialLayers/ML_Plastic_Shiny_Beige_LOGO.uasset" 828
"D:/DiplomenProekt/Content/FirstPersonArms/Character/Materials/MaterialLayers/ML_Plastic_Shiny_Beige_LOGO.uexp" 829
"../../../Engine/Content/Functions/MaterialLayerFunctions/MatLayerBlend_Simple.uasset" 830
"../../../Engine/Content/Functions/MaterialLayerFunctions/MatLayerBlend_Simple.uexp" 831
"D:/DiplomenProekt/Content/FirstPersonArms/Character/Materials/MaterialLayers/T_ML_Aluminum01.ubulk" 832
"D:/DiplomenProekt/Content/FirstPersonArms/Character/Materials/MaterialLayers/T_ML_Aluminum01.uasset" 833
"D:/DiplomenProekt/Content/FirstPersonArms/Character/Materials/MaterialLayers/T_ML_Aluminum01.uexp" 834
"D:/DiplomenProekt/Content/FirstPersonArms/Character/Materials/MaterialLayers/T_ML_Aluminum01_N.ubulk" 835
"D:/DiplomenProekt/Content/FirstPersonArms/Character/Materials/MaterialLayers/T_ML_Aluminum01_N.uasset" 836
"D:/DiplomenProekt/Content/FirstPersonArms/Character/Materials/MaterialLayers/T_ML_Aluminum01_N.uexp" 837
"D:/DiplomenProekt/Content/FirstPersonArms/Character/Materials/MaterialLayers/ML_SoftMetal_UE4.uasset" 838
"D:/DiplomenProekt/Content/FirstPersonArms/Character/Materials/MaterialLayers/ML_SoftMetal_UE4.uexp" 839
"D:/DiplomenProekt/Content/FirstPersonArms/Character/Materials/MaterialLayers/ML_Plastic_Shiny_Beige.uasset" 840
"D:/DiplomenProekt/Content/FirstPersonArms/Character/Materials/MaterialLayers/ML_Plastic_Shiny_Beige.uexp" 841
"D:/DiplomenProekt/Content/FirstPersonArms/Character/Textures/UE4_Mannequin__normals.ubulk" 842
"D:/DiplomenProekt/Content/FirstPersonArms/Character/Textures/UE4_Mannequin__normals.uasset" 843
"D:/DiplomenProekt/Content/FirstPersonArms/Character/Textures/UE4_Mannequin__normals.uexp" 844
"D:/DiplomenProekt/Content/FirstPersonArms/Character/Materials/M_UE4Man_Body.uasset" 845
"D:/DiplomenProekt/Content/FirstPersonArms/Character/Materials/M_UE4Man_Body.uexp" 846
"D:/DiplomenProekt/Content/FirstPersonArms/Character/Mesh/SK_Mannequin_Arms_PhysicsAsset.uasset" 847
"D:/DiplomenProekt/Content/FirstPersonArms/Character/Mesh/SK_Mannequin_Arms_PhysicsAsset.uexp" 848
"D:/DiplomenProekt/Content/FirstPersonArms/Character/Mesh/SK_Mannequin_Arms.uasset" 849
"D:/DiplomenProekt/Content/FirstPersonArms/Character/Mesh/SK_Mannequin_Arms.uexp" 850
"D:/DiplomenProekt/Content/FPWeapon/Mesh/SK_FPGun_Skeleton.uasset" 851
"D:/DiplomenProekt/Content/FPWeapon/Mesh/SK_FPGun_Skeleton.uexp" 852
"D:/DiplomenProekt/Content/FPWeapon/Materials/MaterialLayers/T_ML_Rubber_Blue_01_D.ubulk" 853
"D:/DiplomenProekt/Content/FPWeapon/Materials/MaterialLayers/T_ML_Rubber_Blue_01_D.uasset" 854
"D:/DiplomenProekt/Content/FPWeapon/Materials/MaterialLayers/T_ML_Rubber_Blue_01_D.uexp" 855
"D:/DiplomenProekt/Content/FPWeapon/Textures/T_FPGun_N.ubulk" 856
"D:/DiplomenProekt/Content/FPWeapon/Textures/T_FPGun_N.uasset" 857
"D:/DiplomenProekt/Content/FPWeapon/Textures/T_FPGun_N.uexp" 858
"D:/DiplomenProekt/Content/FPWeapon/Materials/MaterialLayers/T_ML_Rubber_Blue_01_N.ubulk" 859
"D:/DiplomenProekt/Content/FPWeapon/Materials/MaterialLayers/T_ML_Rubber_Blue_01_N.uasset" 860
"D:/DiplomenProekt/Content/FPWeapon/Materials/MaterialLayers/T_ML_Rubber_Blue_01_N.uexp" 861
"D:/DiplomenProekt/Content/FPWeapon/Materials/MaterialLayers/ML_Screen.uasset" 862
"D:/DiplomenProekt/Content/FPWeapon/Materials/MaterialLayers/ML_Screen.uexp" 863
"D:/DiplomenProekt/Content/FPWeapon/Materials/MaterialLayers/T_ML_Aluminum01_N.ubulk" 864
"D:/DiplomenProekt/Content/FPWeapon/Materials/MaterialLayers/T_ML_Aluminum01_N.uasset" 865
"D:/DiplomenProekt/Content/FPWeapon/Materials/MaterialLayers/T_ML_Aluminum01_N.uexp" 866
"D:/DiplomenProekt/Content/FPWeapon/Materials/MaterialLayers/T_ML_Aluminum01.ubulk" 867
"D:/DiplomenProekt/Content/FPWeapon/Materials/MaterialLayers/T_ML_Aluminum01.uasset" 868
"D:/DiplomenProekt/Content/FPWeapon/Materials/MaterialLayers/T_ML_Aluminum01.uexp" 869
"D:/DiplomenProekt/Content/FPWeapon/Materials/MaterialLayers/ML_SoftMetal_UE4.uasset" 870
"D:/DiplomenProekt/Content/FPWeapon/Materials/MaterialLayers/ML_SoftMetal_UE4.uexp" 871
"D:/DiplomenProekt/Content/FPWeapon/Textures/T_FPGun_M.ubulk" 872
"D:/DiplomenProekt/Content/FPWeapon/Textures/T_FPGun_M.uasset" 873
"D:/DiplomenProekt/Content/FPWeapon/Textures/T_FPGun_M.uexp" 874
"D:/DiplomenProekt/Content/FPWeapon/Materials/MaterialLayers/ML_Plastic_Shiny_Beige.uasset" 875
"D:/DiplomenProekt/Content/FPWeapon/Materials/MaterialLayers/ML_Plastic_Shiny_Beige.uexp" 876
"D:/DiplomenProekt/Content/FPWeapon/Materials/MaterialLayers/ML_GlossyBlack_Latex_UE4.uasset" 877
"D:/DiplomenProekt/Content/FPWeapon/Materials/MaterialLayers/ML_GlossyBlack_Latex_UE4.uexp" 878
"D:/DiplomenProekt/Content/FPWeapon/Materials/M_FPGun.uasset" 879
"D:/DiplomenProekt/Content/FPWeapon/Materials/M_FPGun.uexp" 880
"D:/DiplomenProekt/Content/FPWeapon/Mesh/SK_FPGun_Physics.uasset" 881
"D:/DiplomenProekt/Content/FPWeapon/Mesh/SK_FPGun_Physics.uexp" 882
"D:/DiplomenProekt/Content/FPWeapon/Mesh/SK_FPGun.uasset" 883
"D:/DiplomenProekt/Content/FPWeapon/Mesh/SK_FPGun.uexp" 884
"D:/DiplomenProekt/Content/StarterContent/Materials/M_Basic_Wall.uasset" 885
"D:/DiplomenProekt/Content/StarterContent/Materials/M_Basic_Wall.uexp" 886
"D:/DiplomenProekt/Content/StarterContent/Shapes/Shape_Pipe.ubulk" 887
"D:/DiplomenProekt/Content/StarterContent/Shapes/Shape_Pipe.uasset" 888
"D:/DiplomenProekt/Content/StarterContent/Shapes/Shape_Pipe.uexp" 889
"D:/DiplomenProekt/Content/BluePrints/BP_MyProjectile.uasset" 890
"D:/DiplomenProekt/Content/BluePrints/BP_MyProjectile.uexp" 891
"D:/DiplomenProekt/Content/FPWeapon/Audio/5_56-AR15-Single-Close-GunShot-E-www_fesliyanstudios_com.ubulk" 892
"D:/DiplomenProekt/Content/FPWeapon/Audio/5_56-AR15-Single-Close-GunShot-E-www_fesliyanstudios_com.uasset" 893
"D:/DiplomenProekt/Content/FPWeapon/Audio/5_56-AR15-Single-Close-GunShot-E-www_fesliyanstudios_com.uexp" 894
"D:/DiplomenProekt/Content/FirstPersonArms/Animations/FP_Rifle_Fire.uasset" 895
"D:/DiplomenProekt/Content/FirstPersonArms/Animations/FP_Rifle_Fire.uexp" 896
"D:/DiplomenProekt/Content/FirstPersonArms/Animations/FP_Rifle_Shoot_Montage.uasset" 897
"D:/DiplomenProekt/Content/FirstPersonArms/Animations/FP_Rifle_Shoot_Montage.uexp" 898
"D:/DiplomenProekt/Content/FirstPersonArms/Animations/FP_Rifle_Idle.uasset" 899
"D:/DiplomenProekt/Content/FirstPersonArms/Animations/FP_Rifle_Idle.uexp" 900
"D:/DiplomenProekt/Content/FirstPersonArms/Animations/FP_Rifle_Land.uasset" 901
"D:/DiplomenProekt/Content/FirstPersonArms/Animations/FP_Rifle_Land.uexp" 902
"D:/DiplomenProekt/Content/FirstPersonArms/Animations/FP_Rifle_Run.uasset" 903
"D:/DiplomenProekt/Content/FirstPersonArms/Animations/FP_Rifle_Run.uexp" 904
"../../../Engine/Content/Animation/DefaultRecorderBoneCompression.uasset" 905
"../../../Engine/Content/Animation/DefaultRecorderBoneCompression.uexp" 906
"D:/DiplomenProekt/Content/FirstPersonArms/Animations/FP_Idle.uasset" 907
"D:/DiplomenProekt/Content/FirstPersonArms/Animations/FP_Idle.uexp" 908
"D:/DiplomenProekt/Content/FirstPersonArms/Animations/FP_Jump.uasset" 909
"D:/DiplomenProekt/Content/FirstPersonArms/Animations/FP_Jump.uexp" 910
"D:/DiplomenProekt/Content/FirstPersonArms/Animations/FP_Run_Fwd.uasset" 911
"D:/DiplomenProekt/Content/FirstPersonArms/Animations/FP_Run_Fwd.uexp" 912
"D:/DiplomenProekt/Content/FirstPersonArms/Animations/FP_Land.uasset" 913
"D:/DiplomenProekt/Content/FirstPersonArms/Animations/FP_Land.uexp" 914
"D:/DiplomenProekt/Content/FirstPersonArms/Animations/FP_Falling.uasset" 915
"D:/DiplomenProekt/Content/FirstPersonArms/Animations/FP_Falling.uexp" 916
"D:/DiplomenProekt/Content/FirstPersonArms/Animations/FP_Rifle_Jump.uasset" 917
"D:/DiplomenProekt/Content/FirstPersonArms/Animations/FP_Rifle_Jump.uexp" 918
"../../../Engine/Content/EditorBlueprintResources/StandardMacros.uasset" 919
"../../../Engine/Content/EditorBlueprintResources/StandardMacros.uexp" 920
"D:/DiplomenProekt/Content/FirstPerson/Input/Actions/IA_Look.uasset" 921
"D:/DiplomenProekt/Content/FirstPerson/Input/Actions/IA_Look.uexp" 922
"D:/DiplomenProekt/Content/FirstPerson/Input/Actions/IA_Move.uasset" 923
"D:/DiplomenProekt/Content/FirstPerson/Input/Actions/IA_Move.uexp" 924
"D:/DiplomenProekt/Content/FirstPerson/Input/Actions/IA_Jump.uasset" 925
"D:/DiplomenProekt/Content/FirstPerson/Input/Actions/IA_Jump.uexp" 926
"D:/DiplomenProekt/Content/FirstPerson/Input/IMC_Default.uasset" 927
"D:/DiplomenProekt/Content/FirstPerson/Input/IMC_Default.uexp" 928
"D:/DiplomenProekt/Content/FirstPerson/Blueprints/BP_FirstPersonCharacter.uasset" 929
"D:/DiplomenProekt/Content/FirstPerson/Blueprints/BP_FirstPersonCharacter.uexp" 930
"D:/DiplomenProekt/Content/FirstPersonArms/Animations/FirstPerson_AnimBP.uasset" 931
"D:/DiplomenProekt/Content/FirstPersonArms/Animations/FirstPerson_AnimBP.uexp" 932
"D:/DiplomenProekt/Content/BluePrints/Bp_MyGeroiche.uasset" 933
"D:/DiplomenProekt/Content/BluePrints/Bp_MyGeroiche.uexp" 934
"D:/DiplomenProekt/Content/BluePrints/BP_MyGameModeDiplomna.uasset" 935
"D:/DiplomenProekt/Content/BluePrints/BP_MyGameModeDiplomna.uexp" 936
"D:/DiplomenProekt/Content/images/126504-200.uasset" 937
"D:/DiplomenProekt/Content/images/126504-200.uexp" 938
"D:/DiplomenProekt/Content/BluePrints/HUD.uasset" 939
"D:/DiplomenProekt/Content/BluePrints/HUD.uexp" 940
"D:/DiplomenProekt/Content/FirstPerson/Maps/FirstPersonMap.uexp" 941
"D:/DiplomenProekt/Content/FirstPerson/Maps/FirstPersonMap.umap" 942
"../../../Engine/Content/Maps/Entry_BuiltData.uasset" 943
"../../../Engine/Content/Maps/Entry_BuiltData.uexp" 944
"../../../Engine/Content/Maps/Entry.uexp" 945
"../../../Engine/Content/Maps/Entry.umap" 946
